"../../../Engine/Content/ArtTools/RenderToTexture/Enums/RenderToTexture_Enum.uasset" 0
"../../../Engine/Content/ArtTools/RenderToTexture/Enums/RenderToTexture_Flipbook_Enum.uasset" 1
"../../../Engine/Content/ArtTools/RenderToTexture/Enums/RenderToTexture_Imposter_Enum.uasset" 2
"../../../Engine/Content/ArtTools/RenderToTexture/Enums/EIntTypes.uasset" 3
"../../../Engine/Content/EditorBlueprintResources/StandardMacros.uasset" 4
"../../../Engine/Content/ArtTools/RenderToTexture/Macros/RenderToTextureFunctionLibrary.uasset" 5
"../../../Engine/Content/ArtTools/RenderToTexture/Enums/EFloatTypes.uasset" 6
"../../../Engine/Content/ArtTools/RenderToTexture/Macros/RenderToTextureMacros.uasset" 7
"../../../Engine/Content/EngineMaterials/T_Default_Material_Grid_N.uasset" 8
"../../../Engine/Content/EngineMaterials/T_Default_Material_Grid_M.uasset" 9
"../../../Engine/Content/Functions/Engine_MaterialFunctions01/Opacity/CameraDepthFade.uasset" 10
"../../../Engine/Content/EngineMaterials/WorldGridMaterial.uasset" 11
"../../../Engine/Content/ArtTools/RenderToTexture/Meshes/S_1_Unit_Plane.uasset" 12
"../../../Engine/Content/EngineMaterials/DefaultMaterial.uasset" 13
"../../../Engine/Content/BasicShapes/Cone.uasset" 14
"../../../Engine/Content/BasicShapes/Cube.uasset" 15
"../../../Engine/Content/BasicShapes/Plane.uasset" 16
"../../../Engine/Content/BasicShapes/Sphere.uasset" 17
"../../../Engine/Content/EngineMaterials/DefaultPhysicalMaterial.uasset" 18
"../../../Engine/Content/BufferVisualization/AmbientOcclusion.uasset" 19
"../../../Engine/Content/Functions/Engine_MaterialFunctions02/Utility/AppendMany.uasset" 20
"../../../Engine/Content/BufferVisualization/Anisotropy.uasset" 21
"../../../Engine/Content/BufferVisualization/BaseColor.uasset" 22
"../../../Engine/Content/BufferVisualization/CustomDepth.uasset" 23
"../../../Engine/Content/Functions/Engine_MaterialFunctions02/Utility/VectorLength.uasset" 24
"../../../Engine/Content/BufferVisualization/CustomDepthWorldUnits.uasset" 25
"../../../Engine/Content/Functions/Engine_MaterialFunctions02/Utility/BreakOutFloat2Components.uasset" 26
"../../../Engine/Content/Functions/Engine_MaterialFunctions01/Texturing/ScaleUVsByCenter.uasset" 27
"../../../Engine/Content/EngineMaterials/MiniFont.uasset" 28
"../../../Engine/Content/Functions/Engine_MaterialFunctions02/Utility/MakeFloat3.uasset" 29
"../../../Engine/Content/Functions/Engine_MaterialFunctions02/Utility/MakeFloat2.uasset" 30
"../../../Engine/Content/Functions/Engine_MaterialFunctions02/ScreenResolution.uasset" 31
"../../../Engine/Content/Functions/Engine_MaterialFunctions02/Texturing/ScreenAlignedUVs.uasset" 32
"../../../Engine/Content/BufferVisualization/CustomStencil.uasset" 33
"../../../Engine/Content/BufferVisualization/FinalImage.uasset" 34
"../../../Engine/Content/BufferVisualization/LightingModel.uasset" 35
"../../../Engine/Content/BufferVisualization/MaterialAO.uasset" 36
"../../../Engine/Content/BufferVisualization/Metallic.uasset" 37
"../../../Engine/Content/BufferVisualization/Opacity.uasset" 38
"../../../Engine/Content/BufferVisualization/PostTonemapHDRColor.uasset" 39
"../../../Engine/Content/BufferVisualization/PreTonemapHDRColor.uasset" 40
"../../../Engine/Content/BufferVisualization/Roughness.uasset" 41
"../../../Engine/Content/BufferVisualization/SceneColor.uasset" 42
"../../../Engine/Content/BufferVisualization/SceneDepth.uasset" 43
"../../../Engine/Content/BufferVisualization/SceneDepthWorldUnits.uasset" 44
"../../../Engine/Content/BufferVisualization/SeparateTranslucencyA.uasset" 45
"../../../Engine/Content/BufferVisualization/SeparateTranslucencyRGB.uasset" 46
"../../../Engine/Content/BufferVisualization/Specular.uasset" 47
"../../../Engine/Content/BufferVisualization/SubsurfaceColor.uasset" 48
"../../../Engine/Content/BufferVisualization/Velocity.uasset" 49
"../../../Engine/Content/BufferVisualization/WorldNormal.uasset" 50
"../../../Engine/Content/BufferVisualization/WorldTangent.uasset" 51
"../../../Engine/Content/EditorBlueprintResources/ActorMacros.uasset" 52
"../../../Engine/Content/EditorLandscapeResources/DataLayer.uasset" 53
"../../../Engine/Content/EditorLandscapeResources/DefaultAlphaTexture.uasset" 54
"../../../Engine/Content/EditorLandscapeResources/LandscapeGizmoHeight_Mat.uasset" 55
"../../../Engine/Content/EditorLandscapeResources/LandscapeGizmo_Mat.uasset" 56
"../../../Engine/Content/EditorLandscapeResources/LandscapeGizmo_Mat_Copied.uasset" 57
"../../../Engine/Content/EditorLandscapeResources/SplineEditorMeshMat.uasset" 58
"../../../Engine/Content/EditorLandscapeResources/SplineEditorMesh.uasset" 59
"../../../Engine/Content/EditorMaterials/Cross.uasset" 60
"../../../Engine/Content/EditorMaterials/Cross_Mat.uasset" 61
"../../../Engine/Content/EditorResources/T_EditorHelp.uasset" 62
"../../../Engine/Content/Functions/Engine_MaterialFunctions02/Utility/Sign.uasset" 63
"../../../Engine/Content/Functions/Engine_MaterialFunctions02/Utility/Round.uasset" 64
"../../../Engine/Content/Functions/Engine_MaterialFunctions02/ExampleContent/Textures/DebugNumberPeriod.uasset" 65
"../../../Engine/Content/Functions/Engine_MaterialFunctions02/ExampleContent/DebugNumberStrip.uasset" 66
"../../../Engine/Content/EngineMaterials/DefaultDiffuse.uasset" 67
"../../../Engine/Content/Functions/Engine_MaterialFunctions01/Texturing/TextureCropping.uasset" 68
"../../../Engine/Content/Functions/Engine_MaterialFunctions01/Texturing/ComputeMipLevel.uasset" 69
"../../../Engine/Content/Functions/Engine_MaterialFunctions02/Utility/DebugScalarValues.uasset" 70
"../../../Engine/Content/Functions/Engine_MaterialFunctions02/Utility/DebugFloat2Values.uasset" 71
"../../../Engine/Content/Functions/Engine_MaterialFunctions02/ExampleContent/Textures/flipbook.uasset" 72
"../../../Engine/Content/Functions/Engine_MaterialFunctions02/Texturing/FlipBook.uasset" 73
"../../../Engine/Content/EditorMaterials/HelpActorMaterial.uasset" 74
"../../../Engine/Content/Functions/Engine_MaterialFunctions03/Procedurals/ComputeFilterWidth.uasset" 75
"../../../Engine/Content/EngineMaterials/BlendFunc_DefBlend.uasset" 76
"../../../Engine/Content/EngineMaterials/BlendFunc_DefBase.uasset" 77
"../../../Engine/Content/Functions/Engine_MaterialFunctions03/Blends/Blend_Screen.uasset" 78
"../../../Engine/Content/EditorMaterials/TilingAALineIntegral.uasset" 79
"../../../Engine/Content/EditorMaterials/TilingAALineBoxFiltered.uasset" 80
"../../../Engine/Content/EditorMaterials/TilingAAGrid.uasset" 81
"../../../Engine/Content/EditorMaterials/TilingAADots.uasset" 82
"../../../Engine/Content/EditorMaterials/CompositeARGBLayer.uasset" 83
"../../../Engine/Content/EditorMaterials/LevelGridMaterial.uasset" 84
"../../../Engine/Content/EditorResources/LevelGrid1DStripes.uasset" 85
"../../../Engine/Content/EditorMaterials/TextureGridCascaded1D.uasset" 86
"../../../Engine/Content/EditorMaterials/TextureGridCascaded2D.uasset" 87
"../../../Engine/Content/EditorMaterials/MakeCompositeARGBLayer.uasset" 88
"../../../Engine/Content/EditorMaterials/LevelGridMaterial2.uasset" 89
"../../../Engine/Content/EditorMaterials/MAT_Groups_Toggle.uasset" 90
"../../../Engine/Content/EditorMaterials/MAT_Groups_Visibility.uasset" 91
"../../../Engine/Content/EngineMaterials/Grid.uasset" 92
"../../../Engine/Content/EditorResources/TilePatine_N.uasset" 93
"../../../Engine/Content/EditorResources/TilePatine_D.uasset" 94
"../../../Engine/Content/EditorMaterials/AntialiasedGridFloor.uasset" 95
"../../../Engine/Content/EditorMaterials/PersonaFloorMat.uasset" 96
"../../../Engine/Content/EditorMaterials/PhAT_BoneSelectedMaterial.uasset" 97
"../../../Engine/Content/EditorMaterials/PhAT_ElemSelectedMaterial.uasset" 98
"../../../Engine/Content/EditorMaterials/PhAT_NoCollisionMaterial.uasset" 99
"../../../Engine/Content/EditorMaterials/PhAT_UnselectedMaterial.uasset" 100
"../../../Engine/Content/EditorMaterials/PreviewShadowIndicator.uasset" 101
"../../../Engine/Content/EditorMaterials/PreviewShadowIndicatorMaterial.uasset" 102
"../../../Engine/Content/EditorMaterials/TargetIcon.uasset" 103
"../../../Engine/Content/EditorMaterials/Tick.uasset" 104
"../../../Engine/Content/EditorMaterials/Tick_Mat.uasset" 105
"../../../Engine/Content/EditorMaterials/WidgetGridVertexColorMaterial.uasset" 106
"../../../Engine/Content/EditorMaterials/WidgetGridVertexColorMaterial_Ma.uasset" 107
"../../../Engine/Content/EditorMaterials/WidgetMaterial.uasset" 108
"../../../Engine/Content/EditorMaterials/WidgetMaterial_Current.uasset" 109
"../../../Engine/Content/EditorMaterials/WidgetMaterial_X.uasset" 110
"../../../Engine/Content/EditorMaterials/WidgetMaterial_Y.uasset" 111
"../../../Engine/Content/EditorMaterials/WidgetMaterial_Z.uasset" 112
"../../../Engine/Content/EditorMaterials/WidgetVertexColorMaterial.uasset" 113
"../../../Engine/Content/EditorMaterials/AssetViewer/EpicQuadPanorama_CC+EV1.uasset" 114
"../../../Engine/Content/MapTemplates/Sky/SunsetAmbientCubemap.uasset" 115
"../../../Engine/Content/EditorMaterials/AssetViewer/M_SkyBox.uasset" 116
"../../../Engine/Content/EditorMaterials/MatineeGroups/MAT_ColorTrack.uasset" 117
"../../../Engine/Content/EditorMaterials/MatineeGroups/MAT_Groups_Anim.uasset" 118
"../../../Engine/Content/EditorMaterials/MatineeGroups/MAT_Groups_AudioMaster.uasset" 119
"../../../Engine/Content/EditorMaterials/MatineeGroups/MAT_Groups_Director.uasset" 120
"../../../Engine/Content/EditorMaterials/MatineeGroups/MAT_Groups_Event.uasset" 121
"../../../Engine/Content/EditorMaterials/MatineeGroups/MAT_Groups_Fade.uasset" 122
"../../../Engine/Content/EditorMaterials/MatineeGroups/MAT_Groups_Float.uasset" 123
"../../../Engine/Content/EditorMaterials/MatineeGroups/MAT_Groups_Move.uasset" 124
"../../../Engine/Content/EditorMaterials/MatineeGroups/MAT_Groups_Slomo.uasset" 125
"../../../Engine/Content/EditorMaterials/MatineeGroups/MAT_Groups_Sound.uasset" 126
"../../../Engine/Content/EditorMaterials/MatineeGroups/MAT_Groups_Vector.uasset" 127
"../../../Engine/Content/EditorMaterials/ParticleSystems/PSysThumbnail_NoImage.uasset" 128
"../../../Engine/Content/EditorMaterials/ParticleSystems/PSysThumbnail_OOD.uasset" 129
"../../../Engine/Content/EditorMaterials/Thumbnails/FloorPlaneMaterial.uasset" 130
"../../../Engine/Content/EditorMeshes/EditorCube.uasset" 131
"../../../Engine/Content/EditorMeshes/EditorCylinder.uasset" 132
"../../../Engine/Content/EditorMeshes/EditorPlane.uasset" 133
"../../../Engine/Content/EditorMaterials/Thumbnails/SkySphereMaterial.uasset" 134
"../../../Engine/Content/EditorMeshes/EditorSkySphere.uasset" 135
"../../../Engine/Content/EditorMeshes/EditorSphere.uasset" 136
"../../../Engine/Content/EditorResources/MatineeCam_D.uasset" 137
"../../../Engine/Content/EditorMaterials/MatineeCam_mat.uasset" 138
"../../../Engine/Content/EditorMeshes/MatineeCam_SM.uasset" 139
"../../../Engine/Content/Functions/Engine_MaterialFunctions01/Shading/ConvertFromDiffSpec.uasset" 140
"../../../Engine/Content/EditorMaterials/GridMaterial.uasset" 141
"../../../Engine/Content/EditorMeshes/PhAT_FloorBox.uasset" 142
"../../../Engine/Content/EditorMeshes/PlanarReflectionPlane.uasset" 143
"../../../Engine/Content/EditorMeshes/AssetViewer/Floor_Mesh.uasset" 144
"../../../Engine/Content/EditorMeshes/AssetViewer/Sphere_inversenormals.uasset" 145
"../../../Engine/Content/EngineDebugMaterials/M_SimpleOpaque.uasset" 146
"../../../Engine/Content/EditorMaterials/Camera/MI_CineMat_CamViewFinder.uasset" 147
"../../../Engine/Content/EditorMaterials/Camera/CineMat.uasset" 148
"../../../Engine/Content/EditorMaterials/Camera/MI_CineMat_CameraBody.uasset" 149
"../../../Engine/Content/EditorMeshes/Camera/SM_CineCam.uasset" 150
"../../../Engine/Content/EditorMaterials/Camera/MI_CineMat_Rig.uasset" 151
"../../../Engine/Content/EditorMeshes/Camera/SM_CraneRig_Arm.uasset" 152
"../../../Engine/Content/EditorMeshes/Camera/SM_CraneRig_Base.uasset" 153
"../../../Engine/Content/EditorMeshes/Camera/SM_CraneRig_Body.uasset" 154
"../../../Engine/Content/EditorMeshes/Camera/SM_CraneRig_Mount.uasset" 155
"../../../Engine/Content/EditorMeshes/Camera/SM_RailRig_Mount.uasset" 156
"../../../Engine/Content/EditorMeshes/Camera/SM_RailRig_Track.uasset" 157
"../../../Engine/Content/EditorMeshes/ColorCalibrator/M_ChromeBall.uasset" 158
"../../../Engine/Content/EditorResources/Bad.uasset" 159
"../../../Engine/Content/EditorResources/BSPVertex.uasset" 160
"../../../Engine/Content/EditorResources/EmptyActor.uasset" 161
"../../../Engine/Content/EditorResources/MatInstActSprite.uasset" 162
"../../../Engine/Content/EditorResources/SceneManager.uasset" 163
"../../../Engine/Content/EditorResources/SmallFont.uasset" 164
"../../../Engine/Content/EditorResources/S_Actor.uasset" 165
"../../../Engine/Content/EditorResources/S_CameraShakeSource.uasset" 166
"../../../Engine/Content/EditorResources/S_DecalActorIcon.uasset" 167
"../../../Engine/Content/EditorResources/S_Emitter.uasset" 168
"../../../Engine/Content/EditorResources/S_ExpoHeightFog.uasset" 169
"../../../Engine/Content/EditorResources/S_FTest.uasset" 170
"../../../Engine/Content/EditorResources/S_KBSJoint.uasset" 171
"../../../Engine/Content/EditorResources/S_KHinge.uasset" 172
"../../../Engine/Content/EditorResources/S_KPrismatic.uasset" 173
"../../../Engine/Content/EditorResources/S_LevelSequence.uasset" 174
"../../../Engine/Content/EditorResources/S_NavP.uasset" 175
"../../../Engine/Content/EditorResources/S_Note.uasset" 176
"../../../Engine/Content/EditorResources/S_Player.uasset" 177
"../../../Engine/Content/EditorResources/S_PortalActorIcon2.uasset" 178
"../../../Engine/Content/EditorResources/S_RadForce.uasset" 179
"../../../Engine/Content/EditorResources/S_ReflActorIcon.uasset" 180
"../../../Engine/Content/EditorResources/S_SkyAtmosphere.uasset" 181
"../../../Engine/Content/EditorResources/S_Solver.uasset" 182
"../../../Engine/Content/EditorResources/S_Terrain.uasset" 183
"../../../Engine/Content/EditorResources/S_TextRenderActorIcon.uasset" 184
"../../../Engine/Content/EditorResources/S_Thruster.uasset" 185
"../../../Engine/Content/EditorResources/S_Trigger.uasset" 186
"../../../Engine/Content/EditorResources/S_VectorFieldVol.uasset" 187
"../../../Engine/Content/EditorResources/S_VolumetricCloud.uasset" 188
"../../../Engine/Content/EditorResources/S_WindDirectional.uasset" 189
"../../../Engine/Content/EditorResources/AI/S_NavLink.uasset" 190
"../../../Engine/Content/EditorResources/LightIcons/SkyLight.uasset" 191
"../../../Engine/Content/EditorResources/LightIcons/S_LightDirectional.uasset" 192
"../../../Engine/Content/EditorResources/LightIcons/S_LightDirectionalMove.uasset" 193
"../../../Engine/Content/EditorResources/LightIcons/S_LightError.uasset" 194
"../../../Engine/Content/EditorResources/LightIcons/S_LightPoint.uasset" 195
"../../../Engine/Content/EditorResources/LightIcons/S_LightPointMove.uasset" 196
"../../../Engine/Content/EditorResources/LightIcons/S_LightSpot.uasset" 197
"../../../Engine/Content/EditorResources/LightIcons/S_LightSpotMove.uasset" 198
"../../../Engine/Content/EditorResources/SequenceRecorder/Countdown.uasset" 199
"../../../Engine/Content/EditorResources/SequenceRecorder/RecordingIndicator.uasset" 200
"../../../Engine/Content/EditorResources/Spline/T_Loft_Spline.uasset" 201
"../../../Engine/Content/EditorSounds/Notifications/CompileSuccess.uasset" 202
"../../../Engine/Content/EditorSounds/Notifications/CompileStart_Cue.uasset" 203
"../../../Engine/Content/EditorSounds/Notifications/CompileSuccess_Cue.uasset" 204
"../../../Engine/Content/EngineDamageTypes/DmgTypeBP_Environmental.uasset" 205
"../../../Engine/Content/EngineDebugMaterials/HeatmapGradient.uasset" 206
"../../../Engine/Content/EngineDebugMaterials/BoneWeightMaterial.uasset" 207
"../../../Engine/Content/EngineDebugMaterials/ClothMaterial.uasset" 208
"../../../Engine/Content/EngineDebugMaterials/ClothMaterial_WF.uasset" 209
"../../../Engine/Content/EngineDebugMaterials/DebugEditorMaterial.uasset" 210
"../../../Engine/Content/EngineDebugMaterials/DebugMeshMaterial.uasset" 211
"../../../Engine/Content/EngineDebugMaterials/GeomMaterial.uasset" 212
"../../../Engine/Content/EngineDebugMaterials/LevelColorationLitMaterial.uasset" 213
"../../../Engine/Content/EngineDebugMaterials/LevelColorationUnlitMaterial.uasset" 214
"../../../Engine/Content/EngineMaterials/DefaultWhiteGrid.uasset" 215
"../../../Engine/Content/EngineDebugMaterials/MAT_LevelColorationLitLightmapUV.uasset" 216
"../../../Engine/Content/EngineDebugMaterials/M_SimpleUnlitTranslucent.uasset" 217
"../../../Engine/Content/EngineDebugMaterials/VolumeToRender.uasset" 218
"../../../Engine/Content/Functions/Engine_MaterialFunctions02/Utility/CameraDirectionVector.uasset" 219
"../../../Engine/Content/EngineDebugMaterials/M_VolumeRenderSphereTracePP.uasset" 220
"../../../Engine/Content/EngineMaterials/DefaultWhiteGrid_Low.uasset" 221
"../../../Engine/Content/EngineDebugMaterials/PhysicalMaterialMaskMaterial.uasset" 222
"../../../Engine/Content/EngineDebugMaterials/ShadedLevelColorationLitMaterial.uasset" 223
"../../../Engine/Content/EngineDebugMaterials/ShadedLevelColorationUnlitMateri.uasset" 224
"../../../Engine/Content/EngineDebugMaterials/VertexColorMaterial.uasset" 225
"../../../Engine/Content/EngineDebugMaterials/VertexColorViewMode_AlphaAsColor.uasset" 226
"../../../Engine/Content/EngineDebugMaterials/VertexColorViewMode_BlueOnly.uasset" 227
"../../../Engine/Content/EngineDebugMaterials/VertexColorViewMode_ColorOnly.uasset" 228
"../../../Engine/Content/EngineDebugMaterials/VertexColorViewMode_GreenOnly.uasset" 229
"../../../Engine/Content/EngineDebugMaterials/VertexColorViewMode_RedOnly.uasset" 230
"../../../Engine/Content/EngineDebugMaterials/WireframeMaterial.uasset" 231
"../../../Engine/Content/EngineFonts/Faces/RobotoRegular.uasset" 232
"../../../Engine/Content/EngineFonts/Faces/RobotoLight.uasset" 233
"../../../Engine/Content/EngineFonts/Faces/RobotoItalic.uasset" 234
"../../../Engine/Content/EngineFonts/Faces/RobotoBoldItalic.uasset" 235
"../../../Engine/Content/EngineFonts/Faces/RobotoBold.uasset" 236
"../../../Engine/Content/EngineFonts/Faces/DroidSansFallback.uasset" 237
"../../../Engine/Content/EngineFonts/Roboto.uasset" 238
"../../../Engine/Content/EngineFonts/Faces/RobotoTiny.uasset" 239
"../../../Engine/Content/EngineFonts/RobotoTiny.uasset" 240
"../../../Engine/Content/EngineFonts/SmallFont.uasset" 241
"../../../Engine/Content/EngineFonts/TinyFont.uasset" 242
"../../../Engine/Content/EngineMaterials/BaseFlattenNormalMap.uasset" 243
"../../../Engine/Content/EngineMaterials/BaseFlattenGrayscaleMap.uasset" 244
"../../../Engine/Content/EngineMaterials/BaseFlattenEmissiveMap.uasset" 245
"../../../Engine/Content/EngineMaterials/BaseFlattenDiffuseMap.uasset" 246
"../../../Engine/Content/EngineMaterials/BaseFlattenMaterial.uasset" 247
"../../../Engine/Content/EngineResources/WhiteSquareTexture.uasset" 248
"../../../Engine/Content/EngineMaterials/BlinkingCaret.uasset" 249
"../../../Engine/Content/EngineMaterials/BlueNoise.uasset" 250
"../../../Engine/Content/EngineMaterials/DefaultBloomKernel.uasset" 251
"../../../Engine/Content/EngineMaterials/DefaultBokeh.uasset" 252
"../../../Engine/Content/EngineMaterials/DefaultDeferredDecalMaterial.uasset" 253
"../../../Engine/Content/EngineMaterials/DefaultLightFunctionMaterial.uasset" 254
"../../../Engine/Content/EngineMaterials/DefaultNormal.uasset" 255
"../../../Engine/Content/EngineMaterials/DefaultPostProcessMaterial.uasset" 256
"../../../Engine/Content/EngineFonts/RobotoDistanceField.uasset" 257
"../../../Engine/Content/EngineMaterials/DefaultTextMaterialOpaque.uasset" 258
"../../../Engine/Content/EngineMaterials/EditorBrushMaterial.uasset" 259
"../../../Engine/Content/EngineMaterials/EmissiveMeshMaterial.uasset" 260
"../../../Engine/Content/EngineMaterials/GizmoMaterial.uasset" 261
"../../../Engine/Content/EngineMaterials/Grid_N.uasset" 262
"../../../Engine/Content/EngineMaterials/HighResolutionScreenshotMaskFunction.uasset" 263
"../../../Engine/Content/EngineMaterials/HighResScreenshot.uasset" 264
"../../../Engine/Content/EngineMaterials/HighResScreenshotCaptureRegion.uasset" 265
"../../../Engine/Content/EngineMaterials/HighResScreenshotMask.uasset" 266
"../../../Engine/Content/EngineMaterials/LandscapeHolePhysicalMaterial.uasset" 267
"../../../Engine/Content/EngineMaterials/InvalidLightmapSettings.uasset" 268
"../../../Engine/Content/EngineMaterials/M_InvalidLightmapSettings.uasset" 269
"../../../Engine/Content/EngineMaterials/PaperDiffuse.uasset" 270
"../../../Engine/Content/EngineMaterials/PaperNormal.uasset" 271
"../../../Engine/Content/Functions/Engine_MaterialFunctions02/WorldPositionOffset/CameraOffset.uasset" 272
"../../../Engine/Content/EngineMaterials/PhAT_JointLimitMaterial.uasset" 273
"../../../Engine/Content/EngineMaterials/PhysMat_Rubber.uasset" 274
"../../../Engine/Content/EngineMaterials/PreintegratedSkinBRDF.uasset" 275
"../../../Engine/Content/EngineMaterials/RemoveSurfaceMaterial.uasset" 276
"../../../Engine/Content/EngineMaterials/WeightMapPlaceholderTexture.uasset" 277
"../../../Engine/Content/Functions/Engine_MaterialFunctions01/ImageAdjustment/sRGBToLinear.uasset" 278
"../../../Engine/Content/Functions/Engine_MaterialFunctions02/Utility/BreakOutFloat3Components.uasset" 279
"../../../Engine/Content/EngineMaterials/Widget3DCameraPassThrough_Opaque_OneSided.uasset" 280
"../../../Engine/Content/EngineMaterials/Widget3DPassThrough.uasset" 281
"../../../Engine/Content/EngineMaterials/Widget3DPassThrough_Masked.uasset" 282
"../../../Engine/Content/EngineMaterials/Widget3DPassThrough_Opaque.uasset" 283
"../../../Engine/Content/EngineMaterials/Widget3DPassThrough_Masked_OneSided.uasset" 284
"../../../Engine/Content/EngineMaterials/Widget3DPassThrough_Opaque_OneSided.uasset" 285
"../../../Engine/Content/EngineMaterials/Widget3DPassThrough_Translucent.uasset" 286
"../../../Engine/Content/EngineMaterials/Widget3DPassThrough_Translucent_OneSided.uasset" 287
"../../../Engine/Content/EngineMeshes/Cube.uasset" 288
"../../../Engine/Content/EngineMeshes/Cylinder.uasset" 289
"../../../Engine/Content/EngineMeshes/Sphere.uasset" 290
"../../../Engine/Content/EngineResources/Black.uasset" 291
"../../../Engine/Content/EngineResources/DefaultTextureCube.uasset" 292
"../../../Engine/Content/EngineResources/DefaultVolumeTexture2D.uasset" 293
"../../../Engine/Content/EngineResources/DefaultVolumeTexture.uasset" 294
"../../../Engine/Content/EngineResources/GradientTexture0.uasset" 295
"../../../Engine/Content/EngineResources/StreamingPauseIcon.uasset" 296
"../../../Engine/Content/EngineResources/M_StreamingPause.uasset" 297
"../../../Engine/Content/EngineSky/VolumetricClouds/T_NoiseShape64.uasset" 298
"../../../Engine/Content/EngineSky/VolumetricClouds/T_VolumeNoiseShape64.uasset" 299
"../../../Engine/Content/EngineSky/VolumetricClouds/T_NoiseErosion.uasset" 300
"../../../Engine/Content/EngineSky/VolumetricClouds/T_VolumeNoiseErosion32.uasset" 301
"../../../Engine/Content/EngineSky/VolumetricClouds/CloudWeatherTexture.uasset" 302
"../../../Engine/Content/EngineSky/VolumetricClouds/CloudGradientTexture.uasset" 303
"../../../Engine/Content/EngineSky/VolumetricClouds/m_SimpleVolumetricCloud.uasset" 304
"../../../Engine/Content/EngineSky/VolumetricClouds/m_SimpleVolumetricCloud_Inst.uasset" 305
"../../../Engine/Content/EngineSounds/Master.uasset" 306
"../../../Engine/Content/Functions/Engine_MaterialFunctions01/Shading/PowerToRoughness.uasset" 307
"../../../Engine/Content/Maps/Templates/Thumbnails/Default.uasset" 308
"../../../Engine/Content/Maps/Templates/Thumbnails/TimeOfDay.uasset" 309
"../../../Engine/Content/Maps/Templates/Thumbnails/VR-Basic.uasset" 310
"../../../Engine/Content/MapTemplates/Sky/DaylightAmbientCubemap.uasset" 311
"../../../Engine/Content/MobileResources/T_MobileControls_texture.uasset" 312
"../../../Engine/Content/MobileResources/T_MobileMenu2.uasset" 313
"../../../Engine/Content/MobileResources/HUD/AnalogHat.uasset" 314
"../../../Engine/Content/MobileResources/HUD/VirtualJoystick_Thumb.uasset" 315
"../../../Engine/Content/MobileResources/HUD/VirtualJoystick_Background.uasset" 316
"../../../Engine/Content/MobileResources/HUD/DefaultVirtualJoysticks.uasset" 317
"../../../Engine/Content/MobileResources/HUD/LeftVirtualJoystickOnly.uasset" 318
"../../../Engine/Content/MobileResources/HUD/MobileHUDButton1_off.uasset" 319
"../../../Engine/Content/MobileResources/HUD/MobileHUDButton1_on.uasset" 320
"../../../Engine/Content/MobileResources/HUD/MobileHUDButton2_off.uasset" 321
"../../../Engine/Content/MobileResources/HUD/MobileHUDButton2_on.uasset" 322
"../../../Engine/Content/MobileResources/HUD/MobileHUDButton3.uasset" 323
"../../../Engine/Content/MobileResources/HUD/MobileHUDButtonFire.uasset" 324
"../../../Engine/Content/MobileResources/HUD/MobileHUDDirectionPad.uasset" 325
"../../../Engine/Content/MobileResources/HUD/MobileHUDDirectionPad2.uasset" 326
"../../../Engine/Content/MobileResources/HUD/MobileHUDDirectionPad3.uasset" 327
"../../../Engine/Content/MobileResources/HUD/MobileHUDDirectionStick.uasset" 328
"../../../Engine/Content/MobileResources/HUD/T_Castle_ThumbstickInner.uasset" 329
"../../../Engine/Content/MobileResources/HUD/T_Castle_ThumbstickOutter.uasset" 330
"../../../Engine/Content/Tutorial/ContentIntroCurve.uasset" 331
"../../../Engine/Content/Tutorial/Basics/LevelEditorAttract.uasset" 332
"../../../Engine/Content/Tutorial/Basics/TutorialAssets/icon_tab_Levels_40x.uasset" 333
"../../../Engine/Content/Tutorial/Basics/LevelEditorOverview.uasset" 334
"../../../Engine/Content/Tutorial/Basics/TutorialAssets/CameraActor_64x.uasset" 335
"../../../Engine/Content/Tutorial/Basics/ViewportsTutorial.uasset" 336
"../../../Engine/Content/Tutorial/BlueprintTutorials/TutorialAssets/Blueprint_64x.uasset" 337
"../../../Engine/Content/Tutorial/BlueprintTutorials/BlueprintEditorTutorial.uasset" 338
"../../../Engine/Content/Tutorial/BlueprintTutorials/LevelBlueprintEditorOverview.uasset" 339
"../../../Engine/Content/Tutorial/BlueprintTutorials/TutorialAssets/Tutorial_BP_MacroLib.uasset" 340
"../../../Engine/Content/Tutorial/InWorldBlueprintEditing/IWBE_Tutorial.uasset" 341
"../../../Engine/Content/Tutorial/InWorldBlueprintEditing/IWBE_Tutorial_Part2.uasset" 342
"../../../Engine/Content/Tutorial/InWorldBlueprintEditing/IWBE_Tutorial_Part3.uasset" 343
"../../../Engine/Content/Tutorial/Landscape/TutorialAssets/Landscape.uasset" 344
"../../../Engine/Content/Tutorial/Landscape/LandscapeWalkThrough.uasset" 345
"../../../Engine/Content/Tutorial/Landscape/Landscape_Manage_Mode.uasset" 346
"../../../Engine/Content/Tutorial/Landscape/Landscape_Painting_Mode.uasset" 347
"../../../Engine/Content/Tutorial/Landscape/Landscape_Sculpt_Mode.uasset" 348
"../../../Engine/Content/Tutorial/SubEditors/StaticMeshEditorTutorial.uasset" 349
"../../../Engine/Content/VREditor/TransformGizmo/TranslucentTransformGizmoMaterial.uasset" 350
"../../../Engine/Content/VREditor/LaserPointer/VR_LaserPower_01.uasset" 351
"../../../Engine/Content/VREditor/TransformGizmo/TransformGizmoMaterial.uasset" 352
"../../../Engine/Content/VREditor/TransformGizmo/BoundingBoxCorner.uasset" 353
"../../../Engine/Content/VREditor/TransformGizmo/BoundingBoxEdge.uasset" 354
"../../../Engine/Content/VREditor/TransformGizmo/PlaneTranslationHandle.uasset" 355
"../../../Engine/Content/VREditor/TransformGizmo/Xray.uasset" 356
"../../../Engine/Content/VREditor/TransformGizmo/Main.uasset" 357
"../../../Engine/Content/VREditor/TransformGizmo/SM_Sequencer_Key.uasset" 358
"../../../Engine/Content/VREditor/TransformGizmo/SM_Sequencer_Node.uasset" 359
"../../../../../../UE4_Project/CPP_Pofol/Content/Resources/Skeletals/CameraSkele/Camera_Skeleton.uasset" 360
"../../../../../../UE4_Project/CPP_Pofol/Content/Actors/Camera/BPA_Camera.uasset" 361
"../../../../../../UE4_Project/CPP_Pofol/Content/Curves/Curve_Hit_RimRight.uasset" 362
"../../../../../../UE4_Project/CPP_Pofol/Content/Curves/Locomotion/movementSettings/movementCurve.uasset" 363
"../../../../../../UE4_Project/CPP_Pofol/Content/Curves/Locomotion/movementSettings/rotationRateCurve.uasset" 364
"../../../../../../UE4_Project/CPP_Pofol/Content/Resources/Animaitions/AnimArchiveFile/AdvancedLocomotionV4/Data/Enums/FootstepType.uasset" 365
"../../../Engine/Content/Animation/DefaultAnimCurveCompressionSettings.uasset" 366
"../../../Engine/Content/Animation/DefaultAnimBoneCompressionSettings.uasset" 367
"../../../Engine/Content/EngineMeshes/Humanoid.uasset" 368
"../../../../../../UE4_Project/CPP_Pofol/Content/Resources/Skeletals/CyberpunkSamurai/Meshes/SK_Male_Skeleton.uasset" 369
"../../../../../../UE4_Project/CPP_Pofol/Content/Resources/Animaitions/Animation_HumanType/Hitted/InAir/A_Hitted_Air_Land.uasset" 370
"../../../../../../UE4_Project/CPP_Pofol/Content/Resources/Animaitions/Animation_HumanType/Hitted/InAir/air_land_Montage.uasset" 371
"../../../Engine/Content/Animation/DefaultRecorderBoneCompression.uasset" 372
"../../../../../../UE4_Project/CPP_Pofol/Content/Resources/Animaitions/Animation_HumanType/Hitted/InAir/A_Air_Roop.uasset" 373
"../../../../../../UE4_Project/CPP_Pofol/Content/Resources/Animaitions/Animation_HumanType/WallRun/WallJump/A_wallJumpLeft.uasset" 374
"../../../../../../UE4_Project/CPP_Pofol/Content/Resources/Animaitions/Animation_HumanType/WallRun/WallJump/M_wallJumpLeft.uasset" 375
"../../../../../../UE4_Project/CPP_Pofol/Content/Resources/Animaitions/Animation_HumanType/WallRun/WallJump/A_wallJumpRight.uasset" 376
"../../../../../../UE4_Project/CPP_Pofol/Content/Resources/Animaitions/Animation_HumanType/WallRun/WallJump/M_wallJumpRight.uasset" 377
"../../../../../../UE4_Project/CPP_Pofol/Content/Resources/Animaitions/Animation_HumanType/WallRun/WallJump/A_wallJumpVertical.uasset" 378
"../../../../../../UE4_Project/CPP_Pofol/Content/Resources/Animaitions/Animation_HumanType/WallRun/WallJump/M_wallJumpVertical.uasset" 379
"../../../../../../UE4_Project/CPP_Pofol/Content/Resources/Animaitions/Animation_HumanType/WallRun/WallMove/A_Wall_Exit.uasset" 380
"../../../../../../UE4_Project/CPP_Pofol/Content/Resources/Animaitions/Animation_HumanType/WallRun/WallMove/M_Wall_Exit.uasset" 381
"../../../Engine/Content/Functions/Engine_MaterialFunctions01/Density/ExponentialDensity.uasset" 382
"../../../Engine/Content/Functions/Engine_MaterialFunctions01/Gradient/RadialGradientExponential.uasset" 383
"../../../Engine/Content/Functions/Engine_MaterialFunctions01/Gradient/LinearGradient.uasset" 384
"../../../../../../UE4_Project/CPP_Pofol/Content/Resources/PostProcess/Blur/MPC_Blur.uasset" 385
"../../../../../../UE4_Project/CPP_Pofol/Content/Resources/PostProcess/Blur/M_Blur.uasset" 386
"../../../../../../UE4_Project/CPP_Pofol/Content/Resources/PostProcess/Blur/MI_Blur.uasset" 387
"../../../Engine/Content/BasicShapes/BasicShapeMaterial.uasset" 388
"../../../../../../UE4_Project/CPP_Pofol/Content/Resources/Skeletals/CameraSkele/Camera.uasset" 389
"../../../../../../UE4_Project/CPP_Pofol/Content/Resources/Skeletals/CyberpunkSamurai/Meshes/SK_Cuberpunk_CustomPhysicsAsset_origin.uasset" 390
"../../../../../../UE4_Project/CPP_Pofol/Content/Resources/Skeletals/CyberpunkSamurai/Textures/T_Head_N.uasset" 391
"../../../../../../UE4_Project/CPP_Pofol/Content/Resources/Skeletals/CyberpunkSamurai/Textures/T_Head_MT_R_AO.uasset" 392
"../../../../../../UE4_Project/CPP_Pofol/Content/Resources/Skeletals/CyberpunkSamurai/Textures/T_Head_M.uasset" 393
"../../../../../../UE4_Project/CPP_Pofol/Content/Resources/Skeletals/CyberpunkSamurai/Textures/T_Head_E.uasset" 394
"../../../../../../UE4_Project/CPP_Pofol/Content/Resources/Skeletals/CyberpunkSamurai/Textures/T_Head_BC.uasset" 395
"../../../../../../UE4_Project/CPP_Pofol/Content/Resources/Skeletals/CyberpunkSamurai/Materials/M_Head.uasset" 396
"../../../../../../UE4_Project/CPP_Pofol/Content/Resources/Skeletals/CyberpunkSamurai/Materials/MI_Head.uasset" 397
"../../../../../../UE4_Project/CPP_Pofol/Content/Resources/Skeletals/CyberpunkSamurai/Textures/T_Body_N.uasset" 398
"../../../../../../UE4_Project/CPP_Pofol/Content/Resources/Skeletals/CyberpunkSamurai/Textures/T_Body_MT_R_AO.uasset" 399
"../../../../../../UE4_Project/CPP_Pofol/Content/Resources/Skeletals/CyberpunkSamurai/Textures/T_Body_M.uasset" 400
"../../../../../../UE4_Project/CPP_Pofol/Content/Resources/Skeletals/CyberpunkSamurai/Textures/T_Body_BC.uasset" 401
"../../../../../../UE4_Project/CPP_Pofol/Content/Resources/Skeletals/CyberpunkSamurai/Textures/T_Body_E.uasset" 402
"../../../../../../UE4_Project/CPP_Pofol/Content/Resources/Skeletals/CyberpunkSamurai/Materials/M_Body.uasset" 403
"../../../../../../UE4_Project/CPP_Pofol/Content/Resources/Skeletals/CyberpunkSamurai/Materials/MI_Body.uasset" 404
"../../../../../../UE4_Project/CPP_Pofol/Content/Resources/Skeletals/CyberpunkSamurai/Meshes/SK_CyberpunkSamurai_WithHelmet.uasset" 405
"../../../Engine/Content/EngineMaterials/Good64x64TilingNoiseHighFreq.uasset" 406
"../../../../../../UE4_Project/CPP_Pofol/Content/Resources/Skeletals/CyberpunkSamurai/Textures/T_hair_N.uasset" 407
"../../../../../../UE4_Project/CPP_Pofol/Content/Resources/Skeletals/CyberpunkSamurai/Textures/T_hair_BC.uasset" 408
"../../../Engine/Content/Functions/Engine_MaterialFunctions02/Texturing/ScreenAlignedPixelToPixelUVs.uasset" 409
"../../../Engine/Content/Functions/Engine_MaterialFunctions02/Utility/DitherTemporalAA.uasset" 410
"../../../../../../UE4_Project/CPP_Pofol/Content/Resources/Skeletals/CyberpunkSamurai/Materials/M_Hair.uasset" 411
"../../../../../../UE4_Project/CPP_Pofol/Content/Resources/Skeletals/CyberpunkSamurai/Materials/MI_Hair.uasset" 412
"../../../../../../UE4_Project/CPP_Pofol/Content/Resources/Skeletals/CyberpunkSamurai/Meshes/SK_CyberpunkSamurai_WithoutHelmet.uasset" 413
"../../../../../../UE4_Project/CPP_Pofol/Content/Resources/Skeletals/HeavyBot/Mannequin/Character/Mesh/SK_Mannequin_PhysicsAsset.uasset" 414
"../../../../../../UE4_Project/CPP_Pofol/Content/Resources/Skeletals/HeavyBot/Mannequin/Character/Textures/UE4Man_Logo_N.uasset" 415
"../../../../../../UE4_Project/CPP_Pofol/Content/Resources/Skeletals/HeavyBot/Mannequin/Character/Textures/UE4_Mannequin_MAT_MASKA.uasset" 416
"../../../../../../UE4_Project/CPP_Pofol/Content/Resources/Skeletals/HeavyBot/Mannequin/Character/Textures/UE4_Mannequin__normals.uasset" 417
"../../../../../../UE4_Project/CPP_Pofol/Content/Resources/Skeletals/HeavyBot/Mannequin/Character/Textures/UE4_LOGO_CARD.uasset" 418
"../../../../../../UE4_Project/CPP_Pofol/Content/Resources/Skeletals/HeavyBot/Mannequin/Character/Materials/MaterialLayers/T_ML_Rubber_Blue_01_N.uasset" 419
"../../../../../../UE4_Project/CPP_Pofol/Content/Resources/Skeletals/HeavyBot/Mannequin/Character/Materials/MaterialLayers/T_ML_Rubber_Blue_01_D.uasset" 420
"../../../../../../UE4_Project/CPP_Pofol/Content/Resources/Skeletals/HeavyBot/Mannequin/Character/Materials/MaterialLayers/T_ML_Aluminum01_N.uasset" 421
"../../../../../../UE4_Project/CPP_Pofol/Content/Resources/Skeletals/HeavyBot/Mannequin/Character/Materials/MaterialLayers/T_ML_Aluminum01.uasset" 422
"../../../Engine/Content/Functions/MaterialLayerFunctions/MatLayerBlend_Simple.uasset" 423
"../../../Engine/Content/Functions/Engine_MaterialFunctions02/Utility/BlendAngleCorrectedNormals.uasset" 424
"../../../Engine/Content/Functions/MaterialLayerFunctions/MatLayerBlend_NormalBlend.uasset" 425
"../../../../../../UE4_Project/CPP_Pofol/Content/Resources/Skeletals/HeavyBot/Mannequin/Character/Materials/MaterialLayers/ML_SoftMetal_UE4.uasset" 426
"../../../../../../UE4_Project/CPP_Pofol/Content/Resources/Skeletals/HeavyBot/Mannequin/Character/Materials/MaterialLayers/ML_Plastic_Shiny_Beige_LOGO.uasset" 427
"../../../../../../UE4_Project/CPP_Pofol/Content/Resources/Skeletals/HeavyBot/Mannequin/Character/Materials/MaterialLayers/ML_Plastic_Shiny_Beige.uasset" 428
"../../../../../../UE4_Project/CPP_Pofol/Content/Resources/Skeletals/HeavyBot/Mannequin/Character/Materials/MaterialLayers/ML_GlossyBlack_Latex_UE4.uasset" 429
"../../../../../../UE4_Project/CPP_Pofol/Content/Resources/Skeletals/HeavyBot/Mannequin/Character/Materials/M_UE4Man_Body.uasset" 430
"../../../../../../UE4_Project/CPP_Pofol/Content/Resources/Skeletals/HeavyBot/Mannequin/Character/Materials/M_UE4Man_ChestLogo.uasset" 431
"../../../../../../UE4_Project/CPP_Pofol/Content/Resources/Skeletals/HeavyBot/Mannequin/Character/Mesh/UE4_Mannequin_Skeleton.uasset" 432
"../../../../../../UE4_Project/CPP_Pofol/Content/Resources/Skeletals/HeavyBot/Mannequin/Character/Mesh/SK_Mannequin.uasset" 433
"../../../../../../UE4_Project/CPP_Pofol/Content/Resources/Skeletals/HeavyBot/MESHES/HBOT_SK_PHYSIC_ASSET.uasset" 434
"../../../../../../UE4_Project/CPP_Pofol/Content/Resources/Skeletals/HeavyBot/TEXTURES/MASKS_RGBA_TXT.uasset" 435
"../../../../../../UE4_Project/CPP_Pofol/Content/Resources/Skeletals/HeavyBot/TEXTURES/HBOT_ORM_TXT.uasset" 436
"../../../../../../UE4_Project/CPP_Pofol/Content/Resources/Skeletals/HeavyBot/TEXTURES/HBOT_NMR_TXT.uasset" 437
"../../../../../../UE4_Project/CPP_Pofol/Content/Resources/Skeletals/HeavyBot/TEXTURES/HBOT_MICRONMR_TXT.uasset" 438
"../../../../../../UE4_Project/CPP_Pofol/Content/Resources/Skeletals/HeavyBot/TEXTURES/HBOT_EMISS_TXT.uasset" 439
"../../../../../../UE4_Project/CPP_Pofol/Content/Resources/Skeletals/HeavyBot/TEXTURES/HBOT_DAMAGED_ORM_TXT.uasset" 440
"../../../../../../UE4_Project/CPP_Pofol/Content/Resources/Skeletals/HeavyBot/TEXTURES/HBOT_DAMAGED_NMR_TXT.uasset" 441
"../../../../../../UE4_Project/CPP_Pofol/Content/Resources/Skeletals/HeavyBot/TEXTURES/HBOT_DAMAGE_BC_TXT.uasset" 442
"../../../../../../UE4_Project/CPP_Pofol/Content/Resources/Skeletals/HeavyBot/TEXTURES/HBOT_BC_TXT.uasset" 443
"../../../Engine/Content/Functions/Engine_MaterialFunctions01/ImageAdjustment/CheapContrast.uasset" 444
"../../../Engine/Content/Functions/Engine_MaterialFunctions02/Texturing/HeightLerp.uasset" 445
"../../../Engine/Content/Functions/Engine_MaterialFunctions01/Texturing/FlattenNormal.uasset" 446
"../../../../../../UE4_Project/CPP_Pofol/Content/Resources/Skeletals/HeavyBot/MATERIALS/HBOT_MASTER_MAT.uasset" 447
"../../../../../../UE4_Project/CPP_Pofol/Content/Resources/Skeletals/HeavyBot/MATERIALS/HBOT_MAT_INST2.uasset" 448
"../../../../../../UE4_Project/CPP_Pofol/Content/Resources/Skeletals/HeavyBot/MESHES/HBOT_SK.uasset" 449
"../../../../../../UE4_Project/CPP_Pofol/Content/Resources/StaticMesh/Weapon/Assassin_Speed_Blade/Materials/T_ASB_Normal.uasset" 450
"../../../../../../UE4_Project/CPP_Pofol/Content/Resources/StaticMesh/Weapon/Assassin_Speed_Blade/Materials/T_ASB_MetallicRoughnessOcclusion.uasset" 451
"../../../../../../UE4_Project/CPP_Pofol/Content/Resources/StaticMesh/Weapon/Assassin_Speed_Blade/Materials/T_ASB_Emissive.uasset" 452
"../../../../../../UE4_Project/CPP_Pofol/Content/Resources/StaticMesh/Weapon/Assassin_Speed_Blade/Materials/T_ASB_BaseColor.uasset" 453
"../../../Engine/Content/Functions/Engine_MaterialFunctions01/ImageAdjustment/3ColorBlend.uasset" 454
"../../../Engine/Content/Functions/Engine_MaterialFunctions02/WorldPositionOffset/LocalPosition.uasset" 455
"../../../../../../UE4_Project/CPP_Pofol/Content/Resources/Materials/Textures/Noise/noise1.uasset" 456
"../../../../../../UE4_Project/CPP_Pofol/Content/Resources/Materials/MaterialFunctions/WeaponSpawning/MF_WeaponSpawning.uasset" 457
"../../../../../../UE4_Project/CPP_Pofol/Content/Resources/StaticMesh/Weapon/Assassin_Speed_Blade/Materials/M_Assassin_Speed_Blade.uasset" 458
"../../../../../../UE4_Project/CPP_Pofol/Content/Resources/StaticMesh/Weapon/Assassin_Speed_Blade/Materials/MI_Assassin_Speed_Blade.uasset" 459
"../../../../../../UE4_Project/CPP_Pofol/Content/Resources/StaticMesh/Weapon/Assassin_Speed_Blade/SM_Blade.uasset" 460
"../../Plugins/2D/Paper2D/Content/PlaceholderTextures/DummySpriteTexture.uasset" 461
"../../Plugins/2D/Paper2D/Content/DummySprite.uasset" 462
"../../Plugins/2D/Paper2D/Content/DefaultPaperTerrainMaterial.uasset" 463
"../../Plugins/2D/Paper2D/Content/DefaultSpriteMaterial.uasset" 464
"../../Plugins/2D/Paper2D/Content/MaskedUnlitSpriteMaterial.uasset" 465
"../../Plugins/2D/Paper2D/Content/OpaqueUnlitSpriteMaterial.uasset" 466
"../../../Engine/Content/Functions/Engine_MaterialFunctions02/ObjectLocalBounds.uasset" 467
"../../../Engine/Content/Functions/Engine_MaterialFunctions02/UVs/BoundingBoxBased_0-1_UVW.uasset" 468
"../../../Engine/Content/EngineResources/DefaultTexture.uasset" 469
"../../../Engine/Content/Functions/Engine_MaterialFunctions02/SafeNormalize.uasset" 470
"../../Plugins/Editor/SpeedTreeImporter/Content/SpeedTree9/UnpackInteger3.uasset" 471
"../../Plugins/Editor/SpeedTreeImporter/Content/SpeedTree9/UnpackDirection.uasset" 472
"../../Plugins/Editor/SpeedTreeImporter/Content/SpeedTree9/game_wind_noise.uasset" 473
"../../Plugins/Editor/SpeedTreeImporter/Content/SpeedTree9/SpeedTreeWindMotion.uasset" 474
"../../Plugins/Editor/SpeedTreeImporter/Content/SpeedTree9/SpeedTreeBranchMotion.uasset" 475
"../../Plugins/Editor/SpeedTreeImporter/Content/SpeedTree9/SpeedTreeWind.uasset" 476
"../../Plugins/Editor/SpeedTreeImporter/Content/SpeedTree9/SpeedTreeBillboard.uasset" 477
"../../Plugins/Editor/SpeedTreeImporter/Content/SpeedTree9/SpeedTreeBillboardMaster.uasset" 478
"../../Plugins/Editor/SpeedTreeImporter/Content/SpeedTree9/SpeedTreeCameraFacing.uasset" 479
"../../Plugins/Editor/SpeedTreeImporter/Content/SpeedTree9/SpeedTreeMaster.uasset" 480
"../../Plugins/FX/Niagara/Content/Enums/ENiagaraAnimTrailWidthMode.uasset" 481
"../../Plugins/FX/Niagara/Content/Enums/ENiagaraArraySamplingMode.uasset" 482
"../../Plugins/FX/Niagara/Content/Enums/ENiagaraBoneSamplingMode.uasset" 483
"../../Plugins/FX/Niagara/Content/Enums/ENiagaraBoneSocketSamplingMode.uasset" 484
"../../Plugins/FX/Niagara/Content/Enums/ENiagaraBooleanLogicOps.uasset" 485
"../../Plugins/FX/Niagara/Content/Enums/ENiagaraBooleanLogicOps_v2.uasset" 486
"../../Plugins/FX/Niagara/Content/Enums/ENiagaraCalculateRadiusOptions.uasset" 487
"../../Plugins/FX/Niagara/Content/Enums/ENiagaraCollisionRadiusOptions.uasset" 488
"../../Plugins/FX/Niagara/Content/Enums/ENiagaraEmitterScalabilityMode.uasset" 489
"../../Plugins/FX/Niagara/Content/Enums/ENiagaraFrictionMergeType.uasset" 490
"../../Plugins/FX/Niagara/Content/Enums/ENiagaraGPUDepthResponseType.uasset" 491
"../../Plugins/FX/Niagara/Content/Enums/ENiagaraGridPlacementType.uasset" 492
"../../Plugins/FX/Niagara/Content/Enums/ENiagaraKillVolumeOptions.uasset" 493
"../../Plugins/FX/Niagara/Content/Enums/ENiagaraLinearColor_Channels.uasset" 494
"../../Plugins/FX/Niagara/Content/Enums/ENiagaraMassCalculationForRendererTypes.uasset" 495
"../../Plugins/FX/Niagara/Content/Enums/ENiagaraMeshOrSprite.uasset" 496
"../../Plugins/FX/Niagara/Content/Enums/ENiagaraMeshSamplingMode.uasset" 497
"../../Plugins/FX/Niagara/Content/Enums/ENiagaraMeshSurfaceSamplingMode.uasset" 498
"../../Plugins/FX/Niagara/Content/Enums/ENiagaraMeshTransforms.uasset" 499
"../../Plugins/FX/Niagara/Content/Enums/ENiagaraMinOrMax.uasset" 500
"../../Plugins/FX/Niagara/Content/Enums/ENiagaraNumericVariableTypes.uasset" 501
"../../Plugins/FX/Niagara/Content/Enums/ENiagaraQuaternionDerivationTechnique.uasset" 502
"../../Plugins/FX/Niagara/Content/Enums/ENiagaraRestitutionMergeType.uasset" 503
"../../Plugins/FX/Niagara/Content/Enums/ENiagaraSimulationTarget.uasset" 504
"../../Plugins/FX/Niagara/Content/Enums/ENiagaraSkeletalSpawning.uasset" 505
"../../Plugins/FX/Niagara/Content/Enums/ENiagaraSkelSamplingFilteringMode.uasset" 506
"../../Plugins/FX/Niagara/Content/Enums/ENiagaraSkelSamplingModeFull.uasset" 507
"../../Plugins/FX/Niagara/Content/Enums/ENiagaraSocketSamplingMode.uasset" 508
"../../Plugins/FX/Niagara/Content/Enums/ENiagaraSphereDistributionMode.uasset" 509
"../../Plugins/FX/Niagara/Content/Enums/ENiagaraTorusMode.uasset" 510
"../../Plugins/FX/Niagara/Content/Enums/ENiagaraTriangleSamplingMode.uasset" 511
"../../Plugins/FX/Niagara/Content/Enums/ENiagaraVector2_Channels.uasset" 512
"../../Plugins/FX/Niagara/Content/Enums/ENiagaraVector4_Channels.uasset" 513
"../../Plugins/FX/Niagara/Content/Enums/ENiagaraVertexFilteringMode.uasset" 514
"../../Plugins/FX/Niagara/Content/Enums/ENiagaraVertexSamplingMode.uasset" 515
"../../Plugins/FX/Niagara/Content/Enums/ENiagara_AudioParamType.uasset" 516
"../../Plugins/FX/Niagara/Content/Enums/ENiagara_BankOnTurns.uasset" 517
"../../Plugins/FX/Niagara/Content/Enums/ENiagara_CameraMeshOrientation.uasset" 518
"../../Plugins/FX/Niagara/Content/Enums/ENiagara_CameraProperties.uasset" 519
"../../Plugins/FX/Niagara/Content/Enums/ENiagara_CollisionType.uasset" 520
"../../Plugins/FX/Niagara/Content/Enums/ENiagara_CPUCollisionType.uasset" 521
"../../Plugins/FX/Niagara/Content/Enums/ENiagara_DirectReadApplicationMode.uasset" 522
"../../Plugins/FX/Niagara/Content/Enums/ENiagara_DirectReadParticleIDSampling.uasset" 523
"../../Plugins/FX/Niagara/Content/Enums/ENiagara_DirectReadSamplingMode.uasset" 524
"../../Plugins/FX/Niagara/Content/Enums/ENiagara_EmitterLocSamplingMode.uasset" 525
"../../Plugins/FX/Niagara/Content/Enums/ENiagara_FadeOperationType.uasset" 526
"../../Plugins/FX/Niagara/Content/Enums/ENiagara_Float4Channel.uasset" 527
"../../Plugins/FX/Niagara/Content/Enums/ENiagara_GPUCollisionType.uasset" 528
"../../Plugins/FX/Niagara/Content/Enums/ENiagara_IDAttributes.uasset" 529
"../../Plugins/FX/Niagara/Content/Enums/ENiagara_LifetimeInheritanceOptions.uasset" 530
"../../Plugins/FX/Niagara/Content/Enums/ENiagara_MultipleLerpCount.uasset" 531
"../../Plugins/FX/Niagara/Content/Enums/ENiagara_RotationDefinitionApproach.uasset" 532
"../../Plugins/FX/Niagara/Content/Enums/ENiagara_SpawnBurstMode.uasset" 533
"../../Plugins/FX/Niagara/Content/Enums/ENiagara_SubUVLookupMode.uasset" 534
"../../Plugins/FX/Niagara/Content/Enums/ENiagara_TransformBaseOptions.uasset" 535
"../../Plugins/FX/Niagara/Content/Enums/ENiagara_TransformMode.uasset" 536
"../../Plugins/FX/Niagara/Content/Enums/ENiagara_TransformOrientationMode.uasset" 537
"../../Plugins/FX/Niagara/Content/Enums/Niagara_Units.uasset" 538
"../../Plugins/FX/Niagara/Content/Icons/S_ParticleSystem.uasset" 539
"../../../Engine/Content/ArtTools/RenderToTexture/Materials/Debug/M_Emissive_Color.uasset" 540
"../../../Engine/Content/BasicShapes/Cylinder.uasset" 541
"../../Plugins/Lumin/MagicLeapPassableWorld/Content/MagicLeapARPinInfoActor.uasset" 542
"../../../Engine/Content/Functions/Engine_MaterialFunctions02/Utility/BreakOutFloat4Components.uasset" 543
"../../Plugins/Runtime/Oculus/OculusVR/Content/Materials/OculusMR_ChromaKey.uasset" 544
"../../Plugins/Runtime/Oculus/OculusVR/Content/Materials/OculusMR_OpaqueColoredMaterial.uasset" 545
"../../Plugins/Runtime/Oculus/OculusVR/Content/Materials/PokeAHoleMaterial.uasset" 546
"../../../../../../UE4_Project/CPP_Pofol/Content/Resources/Skeletals/HeavyBot/MESHES/HBOT_SK_2.uasset" 547
"../../../../../../UE4_Project/CPP_Pofol/Content/Actors/Enemy/TestEnemy/TEST_AIController.uasset" 548
"../../../../../../UE4_Project/CPP_Pofol/Content/Resources/Animaitions/Animation_HumanType/GetUp/A_GetUp_Front.uasset" 549
"../../../../../../UE4_Project/CPP_Pofol/Content/Resources/Animaitions/Animation_HumanType/GetUp/M_GetUp_Front.uasset" 550
"../../../../../../UE4_Project/CPP_Pofol/Content/Resources/Animaitions/Animation_HumanType/GetUp/A_GetUp_Back.uasset" 551
"../../../../../../UE4_Project/CPP_Pofol/Content/Resources/Animaitions/Animation_HumanType/GetUp/M_GetUp_Back.uasset" 552
"../../../../../../UE4_Project/CPP_Pofol/Content/Resources/Animaitions/Animation_HumanType/Hitted/Normal/hit_head_front1.uasset" 553
"../../../../../../UE4_Project/CPP_Pofol/Content/Resources/Animaitions/Animation_HumanType/Hitted/Normal/hit_body_front1.uasset" 554
"../../../../../../UE4_Project/CPP_Pofol/Content/Resources/Animaitions/Animation_HumanType/Hitted/Normal/A_Hit_Normal_F_2.uasset" 555
"../../../../../../UE4_Project/CPP_Pofol/Content/Resources/Animaitions/Animation_HumanType/Hitted/Normal/A_Hit_Normal_F.uasset" 556
"../../../../../../UE4_Project/CPP_Pofol/Content/Resources/Animaitions/Animation_HumanType/Hitted/Normal/A_Hit_Normal_B.uasset" 557
"../../../../../../UE4_Project/CPP_Pofol/Content/Resources/Animaitions/Animation_HumanType/Hitted/Hitted_In_LayDown/A_Hitted_Front.uasset" 558
"../../../../../../UE4_Project/CPP_Pofol/Content/Resources/Animaitions/Animation_HumanType/Hitted/HitDown/A_Hit_Down_Ground.uasset" 559
"../../../../../../UE4_Project/CPP_Pofol/Content/Resources/Animaitions/AnimArchiveFile/Frank_Fighting3/Frank_FS3_Provoke.uasset" 560
"../../../../../../UE4_Project/CPP_Pofol/Content/Resources/Animaitions/AnimArchiveFile/Frank_Fighting3/Frank_FS3_Idle.uasset" 561
"../../../../../../UE4_Project/CPP_Pofol/Content/Resources/Animaitions/Animation_HumanType/Hitted/InAir/A_Hitted_Juggle.uasset" 562
"../../../../../../UE4_Project/CPP_Pofol/Content/Resources/Animaitions/Animation_HumanType/Hitted/InAir/M_Hitted_Juggle.uasset" 563
"../../../../../../UE4_Project/CPP_Pofol/Content/Curves/Locomotion/Stride/StrideBlend_Normal.uasset" 564
"../../../../../../UE4_Project/CPP_Pofol/Content/Resources/Animaitions/Animation_HumanType/Locomotion/Fall/Player_Fall.uasset" 565
"../../../../../../UE4_Project/CPP_Pofol/Content/Resources/Animaitions/Animation_HumanType/Hitted/StrongHitted/A_Hittied_Strong1.uasset" 566
"../../../../../../UE4_Project/CPP_Pofol/Content/Resources/Animaitions/Animation_HumanType/Hitted/StrongHitted/A_Hittied_Strong3.uasset" 567
"../../../../../../UE4_Project/CPP_Pofol/Content/Resources/Animaitions/Animation_HumanType/Hitted/StrongHitted/A_Hittied_Strong2.uasset" 568
"../../../../../../UE4_Project/CPP_Pofol/Content/Actors/Character/ABP_Character_HumanType.uasset" 569
"../../../../../../UE4_Project/CPP_Pofol/Content/Actors/Enemy/TestEnemy/BP_CTestEnemy_2.uasset" 570
"../../../Engine/Content/Maps/Entry_BuiltData.uasset" 571
"../../../Engine/Content/Maps/Entry.umap" 572
"../../../Engine/Content/MapTemplates/SM_Template_Map_Floor.uasset" 573
"../../../../../../UE4_Project/CPP_Pofol/Content/Resources/Materials/Colors/ColorBase.uasset" 574
"../../../../../../UE4_Project/CPP_Pofol/Content/Resources/Materials/Colors/MI_Silver.uasset" 575
"../../../../../../UE4_Project/CPP_Pofol/Content/Level/battle_room_BuiltData.uasset" 576
"../../../../../../UE4_Project/CPP_Pofol/Content/Resources/Skeletals/Sci_Fi_Human/Textures/Body/T_Sci_Fi_Character_08_Body_Normals.uasset" 577
"../../../../../../UE4_Project/CPP_Pofol/Content/Resources/Skeletals/Sci_Fi_Human/Textures/Body/T_Sci_Fi_Character_08_Body_Metallic.uasset" 578
"../../../../../../UE4_Project/CPP_Pofol/Content/Resources/Skeletals/Sci_Fi_Human/Textures/Body/T_Sci_Fi_Character_08_Body_Emissive.uasset" 579
"../../../../../../UE4_Project/CPP_Pofol/Content/Resources/Skeletals/Sci_Fi_Human/Textures/Body/T_Sci_Fi_Character_08_Body_Ao.uasset" 580
"../../../../../../UE4_Project/CPP_Pofol/Content/Resources/Skeletals/Sci_Fi_Human/Textures/Body/T_Sci_Fi_Character_08_Body_Albedo_01.uasset" 581
"../../../../../../UE4_Project/CPP_Pofol/Content/Resources/Materials/MaterialFunctions/MF_RimRight.uasset" 582
"../../../../../../UE4_Project/CPP_Pofol/Content/Resources/Skeletals/Sci_Fi_Human/Metarials/Character/M_Sci_Fi_Character_Body_1.uasset" 583
"../../../../../../UE4_Project/CPP_Pofol/Content/Resources/Skeletals/Sci_Fi_Human/Metarials/Character/M_Sci_Fi_Character_Body_1_Inst.uasset" 584
"../../../../../../UE4_Project/CPP_Pofol/Content/Resources/Skeletals/Sci_Fi_Human/Textures/Details/T_Sci_Fi_Character_08_Details_Normals.uasset" 585
"../../../../../../UE4_Project/CPP_Pofol/Content/Resources/Skeletals/Sci_Fi_Human/Textures/Details/T_Sci_Fi_Character_08_Details_Metallic.uasset" 586
"../../../../../../UE4_Project/CPP_Pofol/Content/Resources/Skeletals/Sci_Fi_Human/Textures/Details/T_Sci_Fi_Character_08_Details_Emissive.uasset" 587
"../../../../../../UE4_Project/CPP_Pofol/Content/Resources/Skeletals/Sci_Fi_Human/Textures/Details/T_Sci_Fi_Character_08_Details_Ao.uasset" 588
"../../../../../../UE4_Project/CPP_Pofol/Content/Resources/Skeletals/Sci_Fi_Human/Textures/Details/T_Sci_Fi_Character_08_Details_Albedo_01.uasset" 589
"../../../../../../UE4_Project/CPP_Pofol/Content/Resources/Skeletals/Sci_Fi_Human/Metarials/Character/M_Sci_Fi_Character_Details_1.uasset" 590
"../../../../../../UE4_Project/CPP_Pofol/Content/Resources/Skeletals/Sci_Fi_Human/SK_Sci_Fi_Character_08_Full_2.uasset" 591
"../../../../../../UE4_Project/CPP_Pofol/Content/Actors/Enemy/TestEnemy/BP_CTestEnemy.uasset" 592
"../../../../../../UE4_Project/CPP_Pofol/Content/Test_Code/keyboard.uasset" 593
"../../Plugins/FX/Niagara/Content/Modules/Spawn/MeshInterface/SampleStaticMesh.uasset" 594
"../../Plugins/FX/Niagara/Content/Enums/ENiagaraCoordinateSpace.uasset" 595
"../../Plugins/FX/Niagara/Content/Functions/Localspace/TransformBase.uasset" 596
"../../Plugins/FX/Niagara/Content/Functions/Localspace/TransformPosition.uasset" 597
"../../Plugins/FX/Niagara/Content/Functions/Localspace/SimulationPosition.uasset" 598
"../../Plugins/FX/Niagara/Content/Modules/Spawn/Location/StaticMeshLocation.uasset" 599
"../../../../../../UE4_Project/CPP_Pofol/Content/Resources/StaticMesh/Weapon/GreatSword/GreatSword_1/HeatSteel_Greatsword/Textures/9_Frame2_metallicRoughness.uasset" 600
"../../../../../../UE4_Project/CPP_Pofol/Content/Resources/StaticMesh/Weapon/GreatSword/GreatSword_1/HeatSteel_Greatsword/Textures/8_Frame2_baseColor.uasset" 601
"../../../../../../UE4_Project/CPP_Pofol/Content/Resources/StaticMesh/Weapon/GreatSword/GreatSword_1/HeatSteel_Greatsword/Textures/11_Frame2_normal.uasset" 602
"../../../../../../UE4_Project/CPP_Pofol/Content/Resources/StaticMesh/Weapon/GreatSword/GreatSword_1/HeatSteel_Greatsword/Textures/10_Frame2_emissive.uasset" 603
"../../../../../../UE4_Project/CPP_Pofol/Content/Resources/StaticMesh/Weapon/GreatSword/GreatSword_1/HeatSteel_Greatsword/Materials/M_GreatSword3.uasset" 604
"../../../../../../UE4_Project/CPP_Pofol/Content/Resources/StaticMesh/Weapon/GreatSword/GreatSword_1/HeatSteel_Greatsword/Materials/MI_GreatSword3.uasset" 605
"../../../../../../UE4_Project/CPP_Pofol/Content/Resources/StaticMesh/Weapon/GreatSword/GreatSword_1/HeatSteel_Greatsword/Textures/7_Frame1_normal.uasset" 606
"../../../../../../UE4_Project/CPP_Pofol/Content/Resources/StaticMesh/Weapon/GreatSword/GreatSword_1/HeatSteel_Greatsword/Textures/6_Frame1_emissive.uasset" 607
"../../../../../../UE4_Project/CPP_Pofol/Content/Resources/StaticMesh/Weapon/GreatSword/GreatSword_1/HeatSteel_Greatsword/Textures/5_Frame1_metallicRoughness.uasset" 608
"../../../../../../UE4_Project/CPP_Pofol/Content/Resources/StaticMesh/Weapon/GreatSword/GreatSword_1/HeatSteel_Greatsword/Textures/4_Frame1_baseColor.uasset" 609
"../../../../../../UE4_Project/CPP_Pofol/Content/Resources/StaticMesh/Weapon/GreatSword/GreatSword_1/HeatSteel_Greatsword/Materials/M_GreatSword2.uasset" 610
"../../../../../../UE4_Project/CPP_Pofol/Content/Resources/StaticMesh/Weapon/GreatSword/GreatSword_1/HeatSteel_Greatsword/Materials/MI_GreatSword2.uasset" 611
"../../../../../../UE4_Project/CPP_Pofol/Content/Resources/StaticMesh/Weapon/GreatSword/GreatSword_1/HeatSteel_Greatsword/Textures/3_Blade_normal.uasset" 612
"../../../../../../UE4_Project/CPP_Pofol/Content/Resources/StaticMesh/Weapon/GreatSword/GreatSword_1/HeatSteel_Greatsword/Textures/2_Blade_emissive.uasset" 613
"../../../../../../UE4_Project/CPP_Pofol/Content/Resources/StaticMesh/Weapon/GreatSword/GreatSword_1/HeatSteel_Greatsword/Textures/1_Blade_metallicRoughness.uasset" 614
"../../../../../../UE4_Project/CPP_Pofol/Content/Resources/StaticMesh/Weapon/GreatSword/GreatSword_1/HeatSteel_Greatsword/Textures/0_Blade_baseColor.uasset" 615
"../../../Engine/Content/Functions/Engine_MaterialFunctions02/Math/TimeWithSpeedVariable.uasset" 616
"../../../Engine/Content/Functions/Engine_MaterialFunctions02/Lerp_Multiple_Float.uasset" 617
"../../../../../../UE4_Project/CPP_Pofol/Content/Resources/Materials/Textures/Noise/T_noise_flamy_Tile.uasset" 618
"../../../../../../UE4_Project/CPP_Pofol/Content/Resources/Materials/Textures/Noise/nosie2.uasset" 619
"../../../../../../UE4_Project/CPP_Pofol/Content/Resources/StaticMesh/Weapon/GreatSword/GreatSword_1/HeatSteel_Greatsword/Materials/M_GreatSword1.uasset" 620
"../../../../../../UE4_Project/CPP_Pofol/Content/Resources/StaticMesh/Weapon/GreatSword/GreatSword_1/HeatSteel_Greatsword/Materials/MI_GreatSword1.uasset" 621
"../../../../../../UE4_Project/CPP_Pofol/Content/Resources/StaticMesh/Weapon/GreatSword/GreatSword_1/SM_GreatSword.uasset" 622
"../../../../../../UE4_Project/CPP_Pofol/Content/Resources/Particles/NiagaraDeathEffects/Model/SM_Bird.uasset" 623
"../../Plugins/FX/Niagara/Content/Functions/DirectionAndLengthSafe.uasset" 624
"../../Plugins/FX/Niagara/Content/Functions/NormalizeDistanceRange.uasset" 625
"../../Plugins/FX/Niagara/Content/Modules/Update/Forces/VortexForce.uasset" 626
"../../Plugins/FX/Niagara/Content/DynamicInputs/Angles/Sine.uasset" 627
"../../../Engine/Content/Functions/Engine_MaterialFunctions02/WorldPositionOffset/ObjectPivotPoint.uasset" 628
"../../../../../../UE4_Project/CPP_Pofol/Content/Resources/Particles/NiagaraDeathEffects/Mat/M_VertexColorAnim.uasset" 629
"../../../../../../UE4_Project/CPP_Pofol/Content/Resources/Particles/NiagaraDeathEffects/Mat/MatIn/MI_VertexColorAnim.uasset" 630
"../../../../../../UE4_Project/CPP_Pofol/Content/Resources/Particles/NiagaraDeathEffects/Mat/M_Sprite.uasset" 631
"../../Plugins/FX/Niagara/Content/VectorFields/Assets/TilingCurl32.uasset" 632
"../../Plugins/FX/Niagara/Content/Enums/ENiagaraCurlNoiseQuality.uasset" 633
"../../Plugins/FX/Niagara/Content/VectorFields/Assets/TilingCurl64.uasset" 634
"../../Plugins/FX/Niagara/Content/Functions/FindAngleBetweenVectors.uasset" 635
"../../Plugins/FX/Niagara/Content/Functions/V2/RemapRange.uasset" 636
"../../Plugins/FX/Niagara/Content/Functions/V2/ConeMask.uasset" 637
"../../Plugins/FX/Niagara/Content/Functions/Masks/ConeMask.uasset" 638
"../../Plugins/FX/Niagara/Content/VectorFields/Assets/TilingCurl16.uasset" 639
"../../Plugins/FX/Niagara/Content/Modules/Update/Forces/CurlNoiseForce.uasset" 640
"../../Plugins/FX/Niagara/Content/DynamicInputs/Multiply/Multiply_Float.uasset" 641
"../../Plugins/FX/Niagara/Content/Enums/ENiagaraRandomnessMode.uasset" 642
"../../Plugins/FX/Niagara/Content/Functions/GetRandomInfo.uasset" 643
"../../Plugins/FX/Niagara/Content/Functions/RandomRangeFloat.uasset" 644
"../../Plugins/FX/Niagara/Content/Modules/Emitter/SpawnRate.uasset" 645
"../../Plugins/FX/Niagara/Content/Modules/Update/Size/ScaleMeshSize.uasset" 646
"../../Plugins/FX/Niagara/Content/Modules/Update/Material/DynamicMaterialParameters.uasset" 647
"../../Plugins/FX/Niagara/Content/DynamicInputs/ValueFromCurve/VectorFromCurve.uasset" 648
"../../Plugins/FX/Niagara/Content/Enums/ENiagaraSystemInactiveMode.uasset" 649
"../../Plugins/FX/Niagara/Content/Functions/System/SystemChangeState.uasset" 650
"../../Plugins/FX/Niagara/Content/Enums/ENiagara_EmitterStateOptions.uasset" 651
"../../Plugins/FX/Niagara/Content/Modules/System/SystemState.uasset" 652
"../../Plugins/FX/Niagara/Content/Functions/RandomUnitVector.uasset" 653
"../../Plugins/FX/Niagara/Content/Functions/RandomVector.uasset" 654
"../../Plugins/FX/Niagara/Content/Functions/DistanceBasedFalloff.uasset" 655
"../../Plugins/FX/Niagara/Content/Functions/Localspace/TransformVector.uasset" 656
"../../Plugins/FX/Niagara/Content/Modules/Spawn/Velocity/AddVelocityFromPoint.uasset" 657
"../../Plugins/FX/Niagara/Content/DynamicInputs/ValueFromCurve/Vector2DFromCurve.uasset" 658
"../../Plugins/FX/Niagara/Content/Enums/ENiagaraInactiveMode.uasset" 659
"../../Plugins/FX/Niagara/Content/Enums/ENiagaraEmitterScalabilityMode_Limited.uasset" 660
"../../Plugins/FX/Niagara/Content/Enums/ENiagaraEmitterLifeCycleMode.uasset" 661
"../../Plugins/FX/Niagara/Content/Enums/ENiagara_InfiniteLoopDuration.uasset" 662
"../../Plugins/FX/Niagara/Content/Modules/Update/Size/ScaleSpriteSize.uasset" 663
"../../Plugins/FX/Niagara/Content/Modules/Update/Lifetime/ParticleState.uasset" 664
"../../Plugins/FX/Niagara/Content/Modules/Update/Color/Color.uasset" 665
"../../Plugins/FX/Niagara/Content/Modules/Spawn/Velocity/AddVelocity.uasset" 666
"../../Plugins/FX/Niagara/Content/Modules/Spawn/Initialization/InitializeParticle.uasset" 667
"../../Plugins/FX/Niagara/Content/Modules/Solvers/SolveForcesAndVelocity.uasset" 668
"../../Plugins/FX/Niagara/Content/Enums/ENiagaraRandomnessEvaluation.uasset" 669
"../../Plugins/FX/Niagara/Content/Functions/V2/CalculateRandomRangeFloat.uasset" 670
"../../Plugins/FX/Niagara/Content/Modules/Emitter/SpawnBurst_Instantaneous.uasset" 671
"../../Plugins/FX/Niagara/Content/Functions/Emitter/EmitterChangeState.uasset" 672
"../../Plugins/FX/Niagara/Content/Enums/ENiagaraExecutionStateManagement.uasset" 673
"../../Plugins/FX/Niagara/Content/Modules/Emitter/EmitterState.uasset" 674
"../../Plugins/FX/Niagara/Content/DynamicInputs/ValueFromCurve/FloatFromCurve.uasset" 675
"../../Plugins/FX/Niagara/Content/DynamicInputs/ValueFromCurve/ColorFromCurve.uasset" 676
"../../Plugins/FX/Niagara/Content/DynamicInputs/UniformRange/UniformRangedVector.uasset" 677
"../../Plugins/FX/Niagara/Content/DynamicInputs/UniformRange/UniformRangedFloat.uasset" 678
"../../../../../../UE4_Project/CPP_Pofol/Content/Resources/Particles/Weapons/WeaponDistroy/NS_UnSpawnWeapon.uasset" 679
"../../../../../../UE4_Project/CPP_Pofol/Content/Curves/Curve_SpawnWeapon.uasset" 680
"../../../../../../UE4_Project/CPP_Pofol/Content/Resources/Materials/Colors/Colot_Translucent_Base.uasset" 681
"../../../../../../UE4_Project/CPP_Pofol/Content/Resources/Materials/Colors/MI_Translucent.uasset" 682
"../../../../../../UE4_Project/CPP_Pofol/Content/DataAsset/Weapons/Hand/SM_Hand_Foot.uasset" 683
"../../../../../../UE4_Project/CPP_Pofol/Content/DataAsset/Weapons/Hand/DA_Hand_Foot.uasset" 684
"../../../../../../UE4_Project/CPP_Pofol/Content/CameraShakes/SkillShakes/CS_AttackBasic.uasset" 685
"../../../../../../UE4_Project/CPP_Pofol/Content/DataAsset/Skills/HandSkills/Hand_1/DT_Hand_3.uasset" 686
"../../../../../../UE4_Project/CPP_Pofol/Content/CameraShakes/SkillShakes/CS_AttackBasic_weakly.uasset" 687
"../../../../../../UE4_Project/CPP_Pofol/Content/DataAsset/Skills/HandSkills/Hand_1/DT_Hand_2.uasset" 688
"../../../../../../UE4_Project/CPP_Pofol/Content/DataAsset/Skills/HandSkills/Hand_1/DT_Hand_1.uasset" 689
"../../../../../../UE4_Project/CPP_Pofol/Content/DataAsset/Skills/TestSkill/Frank_FS3_Combo07_2.uasset" 690
"../../../../../../UE4_Project/CPP_Pofol/Content/DataAsset/Skills/TestSkill/Frank_FS3_Combo07_2_Montage.uasset" 691
"../../../../../../UE4_Project/CPP_Pofol/Content/DataAsset/Skills/TestSkill/Frank_FS3_Combo07_1.uasset" 692
"../../../../../../UE4_Project/CPP_Pofol/Content/DataAsset/Skills/TestSkill/Frank_FS3_Combo07_1_Montage.uasset" 693
"../../../../../../UE4_Project/CPP_Pofol/Content/DataAsset/Skills/TestSkill/Frank_FS3_Combo07_3.uasset" 694
"../../../../../../UE4_Project/CPP_Pofol/Content/CameraShakes/SkillShakes/CS_AttackBasic_Power.uasset" 695
"../../../../../../UE4_Project/CPP_Pofol/Content/DataAsset/Skills/HandSkills/Hand_1/DT_Hand_3_Range.uasset" 696
"../../../../../../UE4_Project/CPP_Pofol/Content/DataAsset/Skills/HandSkills/Hand_1/Frank_FS3_Combo07_3_Montage.uasset" 697
"../../../../../../UE4_Project/CPP_Pofol/Content/DataAsset/Skills/HandSkills/Hand_1/DA_Hand_1.uasset" 698
"../../../../../../UE4_Project/CPP_Pofol/Content/DataAsset/Weapons/GreatSword/SM_GreatSword.uasset" 699
"../../../../../../UE4_Project/CPP_Pofol/Content/DataAsset/Weapons/GreatSword/DA_GreatSword.uasset" 700
"../../Plugins/FX/Niagara/Content/Modules/Spawn/Location/SystemLocation.uasset" 701
"../../../../../../UE4_Project/CPP_Pofol/Content/Resources/Particles/FantasyVFXCollection/2_Texture/T_Slash_01.uasset" 702
"../../../../../../UE4_Project/CPP_Pofol/Content/Resources/Particles/FantasyVFXCollection/2_Texture/T_Circle_01.uasset" 703
"../../../../../../UE4_Project/CPP_Pofol/Content/Resources/Particles/FantasyVFXCollection/1_Material/MasterMaterial/M_Default_01.uasset" 704
"../../../../../../UE4_Project/CPP_Pofol/Content/Resources/Particles/FantasyVFXCollection/1_Material/MaterialInstance/SlashHit/SlashHit_01/MI_Slash_01.uasset" 705
"../../../../../../UE4_Project/CPP_Pofol/Content/Resources/Particles/FantasyVFXCollection/2_Texture/T_Smoke_01.uasset" 706
"../../../../../../UE4_Project/CPP_Pofol/Content/Resources/Particles/FantasyVFXCollection/2_Texture/T_Pattern_05.uasset" 707
"../../../../../../UE4_Project/CPP_Pofol/Content/Resources/Particles/FantasyVFXCollection/2_Texture/T_Pattern_01.uasset" 708
"../../../../../../UE4_Project/CPP_Pofol/Content/Resources/Particles/FantasyVFXCollection/2_Texture/T_Hit_04.uasset" 709
"../../../../../../UE4_Project/CPP_Pofol/Content/Resources/Particles/FantasyVFXCollection/2_Texture/T_Glow_01.uasset" 710
"../../../../../../UE4_Project/CPP_Pofol/Content/Resources/Particles/FantasyVFXCollection/1_Material/MaterialFunc/MTF_Texcoord.uasset" 711
"../../../../../../UE4_Project/CPP_Pofol/Content/Resources/Particles/FantasyVFXCollection/1_Material/MasterMaterial/M_Default_03.uasset" 712
"../../../../../../UE4_Project/CPP_Pofol/Content/Resources/Particles/FantasyVFXCollection/1_Material/MaterialInstance/SlashHit/Element_SlashHit_01/MI_Element_SlashHit_02.uasset" 713
"../../../../../../UE4_Project/CPP_Pofol/Content/Resources/Particles/FantasyVFXCollection/2_Texture/T_Pattern_02.uasset" 714
"../../../../../../UE4_Project/CPP_Pofol/Content/Resources/Particles/FantasyVFXCollection/2_Texture/T_White_01.uasset" 715
"../../../../../../UE4_Project/CPP_Pofol/Content/Resources/Particles/FantasyVFXCollection/1_Material/MasterMaterial/M_Default_05.uasset" 716
"../../../../../../UE4_Project/CPP_Pofol/Content/Resources/Particles/FantasyVFXCollection/1_Material/MaterialInstance/SlashHit/Element_SlashHit_01/MI_Element_SlashHit_01.uasset" 717
"../../Plugins/FX/Niagara/Content/Enums/CascadeConversion/ECascadeNiagaraOrbitChainMode.uasset" 718
"../../Plugins/FX/Niagara/Content/Functions/Localspace/TransformOffset.uasset" 719
"../../Plugins/FX/Niagara/Content/Modules/Update/Velocity/ScaleVelocity.uasset" 720
"../../Plugins/FX/Niagara/Content/Functions/Rotation/EulerToQuaternion.uasset" 721
"../../Plugins/FX/Niagara/Content/Functions/Rotation/QuaternionToRotationMatrix.uasset" 722
"../../Plugins/FX/Niagara/Content/Functions/Rotation/EulerToRotationMatrix.uasset" 723
"../../Plugins/FX/Niagara/Content/Functions/CascadeConversion/CascadeConversion_CalculateOrbitOffset.uasset" 724
"../../Plugins/FX/Niagara/Content/Modules/CascadeConversion/CascadeConversion_Orbit.uasset" 725
"../../Plugins/FX/Niagara/Content/Functions/V2/CalculateRandomRange.uasset" 726
"../../Plugins/FX/Niagara/Content/DynamicInputs/UniformRange/V2/RandomRangeVector2D.uasset" 727
"../../Plugins/FX/Niagara/Content/DynamicInputs/UniformRange/V2/RandomRangeVector.uasset" 728
"../../Plugins/FX/Niagara/Content/DynamicInputs/UniformRange/V2/RandomRangeFloat.uasset" 729
"../../Plugins/FX/Niagara/Content/DynamicInputs/TypeConversions/VectorFromFloat.uasset" 730
"../../Plugins/FX/Niagara/Content/DynamicInputs/LinearColor/MakeLinearColorFromVectorAndFloat.uasset" 731
"../../Plugins/FX/Niagara/Content/DynamicInputs/Clamp/ClampFloat.uasset" 732
"../../Plugins/FX/Niagara/Content/DefaultAssets/Templates/CascadeConversion/CompletelyEmpty.uasset" 733
"../../Plugins/FX/Niagara/Content/Modules/CascadeConversion/CascadeConversion_SolveOrbit.uasset" 734
"../../../../../../UE4_Project/CPP_Pofol/Content/Resources/Particles/FantasyVFXCollection/2_Texture/T_Rock_01.uasset" 735
"../../../../../../UE4_Project/CPP_Pofol/Content/Resources/Particles/FantasyVFXCollection/2_Texture/T_Pattern_04.uasset" 736
"../../../../../../UE4_Project/CPP_Pofol/Content/Resources/Particles/FantasyVFXCollection/1_Material/MaterialInstance/MI_Element_SlashHit_03.uasset" 737
"../../../../../../UE4_Project/CPP_Pofol/Content/Resources/Particles/FantasyVFXCollection/1_Material/MasterMaterial/M_Glow_01.uasset" 738
"../../../../../../UE4_Project/CPP_Pofol/Content/Resources/Particles/FantasyVFXCollection/1_Material/MaterialInstance/MI_BGGlow_01.uasset" 739
"../../Plugins/FX/Niagara/Content/Enums/ENiagaraScaleColorMode.uasset" 740
"../../Plugins/FX/Niagara/Content/Modules/Update/Color/ScaleColor.uasset" 741
"../../Plugins/FX/Niagara/Content/Modules/Update/Orientation/SpriteRotationRate.uasset" 742
"../../Plugins/FX/Niagara/Content/Enums/ENiagaraSUbUVAnimationMode.uasset" 743
"../../Plugins/FX/Niagara/Content/Modules/Update/Forces/Drag.uasset" 744
"../../Plugins/FX/Niagara/Content/Modules/Update/SubUV/SubUVAnimation.uasset" 745
"../../Plugins/FX/Niagara/Content/DynamicInputs/TypeConversions/Vector2DFromFloat.uasset" 746
"../../Plugins/FX/Niagara/Content/DynamicInputs/Angles/NormalizedAngleToDegrees.uasset" 747
"../../../../../../UE4_Project/CPP_Pofol/Content/Resources/Particles/Weapons/Hit/P_Element_SlashHit_01_Converted.uasset" 748
"../../../../../../UE4_Project/CPP_Pofol/Content/DataAsset/Skills/GreatSwordSkills/Combo_1/DT_GreatSword_Combo1_5.uasset" 749
"../../../../../../UE4_Project/CPP_Pofol/Content/DataAsset/Skills/GreatSwordSkills/Combo_1/DT_GreatSword_Combo1_4.uasset" 750
"../../../../../../UE4_Project/CPP_Pofol/Content/DataAsset/Skills/GreatSwordSkills/Combo_1/DT_GreatSword_Combo1_3.uasset" 751
"../../../../../../UE4_Project/CPP_Pofol/Content/DataAsset/Skills/GreatSwordSkills/Combo_1/DT_GreatSword_Combo1_1.uasset" 752
"../../../../../../UE4_Project/CPP_Pofol/Content/Resources/Particles/FantasyVFXCollection/2_Texture/T_Line_02.uasset" 753
"../../../../../../UE4_Project/CPP_Pofol/Content/Resources/Particles/FantasyVFXCollection/1_Material/MaterialInstance/Hit/ElementCriticalHit/MI_Poison_Critical_Hit_01.uasset" 754
"../../../../../../UE4_Project/CPP_Pofol/Content/Resources/Particles/FantasyVFXCollection/2_Texture/T_Hit_01.uasset" 755
"../../../../../../UE4_Project/CPP_Pofol/Content/Resources/Particles/FantasyVFXCollection/1_Material/MasterMaterial/M_Default_02.uasset" 756
"../../../../../../UE4_Project/CPP_Pofol/Content/Resources/Particles/FantasyVFXCollection/1_Material/MaterialInstance/Hit/BasicHit/MI_Hit_01.uasset" 757
"../../../../../../UE4_Project/CPP_Pofol/Content/Resources/Particles/FantasyVFXCollection/2_Texture/T_Circle_02.uasset" 758
"../../../../../../UE4_Project/CPP_Pofol/Content/Resources/Particles/FantasyVFXCollection/1_Material/MaterialInstance/Hit/BasicCriticalHit/MI_CriticalHit_04.uasset" 759
"../../../../../../UE4_Project/CPP_Pofol/Content/Resources/Particles/FantasyVFXCollection/2_Texture/T_Line_03.uasset" 760
"../../../../../../UE4_Project/CPP_Pofol/Content/Resources/Particles/FantasyVFXCollection/2_Texture/T_Normal_01.uasset" 761
"../../../../../../UE4_Project/CPP_Pofol/Content/Resources/Particles/FantasyVFXCollection/1_Material/MaterialInstance/Explosion/Explosion_01/MI_Explosion_03.uasset" 762
"../../../../../../UE4_Project/CPP_Pofol/Content/Resources/Particles/FantasyVFXCollection/2_Texture/T_Smoke_02.uasset" 763
"../../../../../../UE4_Project/CPP_Pofol/Content/Resources/Particles/FantasyVFXCollection/1_Material/MaterialInstance/Explosion/Explosion_01/MI_Explosion_02.uasset" 764
"../../../../../../UE4_Project/CPP_Pofol/Content/Resources/Particles/FantasyVFXCollection/2_Texture/T_Smoke_04.uasset" 765
"../../../../../../UE4_Project/CPP_Pofol/Content/Resources/Particles/FantasyVFXCollection/1_Material/MaterialInstance/Explosion/Explosion_01/MI_Explosion_01.uasset" 766
"../../Plugins/FX/Niagara/Content/Enums/CascadeConversion/ECascadeNiagaraTwoVectorChannels.uasset" 767
"../../Plugins/FX/Niagara/Content/DynamicInputs/CascadeConversion/SplitVector.uasset" 768
"../../../../../../UE4_Project/CPP_Pofol/Content/Resources/Particles/FantasyVFXCollection/4_Mesh/SM_Circle_02.uasset" 769
"../../Plugins/FX/Niagara/Content/Enums/ENiagaraTorusDistributionMode.uasset" 770
"../../Plugins/FX/Niagara/Content/Enums/ENiagaraExpansionMode.uasset" 771
"../../Plugins/FX/Niagara/Content/Functions/RandomPointInSphere.uasset" 772
"../../Plugins/FX/Niagara/Content/Modules/Spawn/Location/SphereLocation.uasset" 773
"../../../../../../UE4_Project/CPP_Pofol/Content/Resources/Particles/FantasyVFXCollection/3_ParticleSystem/Explosion/Explosion_01/P_Explosion_01_Converted.uasset" 774
"../../../../../../UE4_Project/CPP_Pofol/Content/CameraShakes/SkillShakes/CS_AttackBasic_SuperPower.uasset" 775
"../../Plugins/FX/Niagara/Content/Modules/Update/Forces/AccelerationForce.uasset" 776
"../../Plugins/FX/Niagara/Content/DynamicInputs/Multiply/Multiply_VectorByFloat.uasset" 777
"../../../../../../UE4_Project/CPP_Pofol/Content/Resources/Particles/FantasyVFXCollection/2_Texture/T_Hit_06.uasset" 778
"../../../../../../UE4_Project/CPP_Pofol/Content/Resources/Particles/FantasyVFXCollection/1_Material/MaterialInstance/Hit/ElementHit/MI_FireHit_02.uasset" 779
"../../../../../../UE4_Project/CPP_Pofol/Content/Resources/Particles/FantasyVFXCollection/1_Material/MaterialInstance/Hit/ElementHit/MI_FireHit_01.uasset" 780
"../../../../../../UE4_Project/CPP_Pofol/Content/Resources/Particles/FantasyVFXCollection/1_Material/MaterialInstance/MI_Glow_01.uasset" 781
"../../../../../../UE4_Project/CPP_Pofol/Content/Resources/Particles/FantasyVFXCollection/3_ParticleSystem/Hit/ElementHit/P_Fire_Hit_01_Converted.uasset" 782
"../../../../../../UE4_Project/CPP_Pofol/Content/DataAsset/Skills/GreatSwordSkills/Combo_1/DT_GreatSwrod_Combo_Range1.uasset" 783
"../../Plugins/FX/Niagara/Content/Functions/Rotation/MultiplyVectorWithQuaternion.uasset" 784
"../../Plugins/FX/Niagara/Content/DynamicInputs/Vectors/RotateVectorByQuaternion.uasset" 785
"../../Plugins/FX/Niagara/Content/DynamicInputs/Add/Add_Vector.uasset" 786
"../../Plugins/FX/Niagara/Content/Modules/Emitter/SpawnPerFrame.uasset" 787
"../../Plugins/FX/Niagara/Content/Modules/Update/Size/ScaleSpriteSizeBySpeed.uasset" 788
"../../Plugins/FX/Niagara/Content/Functions/Math/RemapValueRange.uasset" 789
"../../Plugins/FX/Niagara/Content/Functions/PolarToCartesianCoordinates.uasset" 790
"../../Plugins/FX/Niagara/Content/Functions/RandomVectorInCone.uasset" 791
"../../Plugins/FX/Niagara/Content/Functions/Rotation/FindQuatBetween.uasset" 792
"../../Plugins/FX/Niagara/Content/Modules/Spawn/Velocity/AddVelocityInCone.uasset" 793
"../../Plugins/FX/Niagara/Content/Modules/Spawn/Initialization/InitializeRibbon.uasset" 794
"../../Plugins/FX/Niagara/Content/Modules/Ribbons/ScaleRibbonWidth.uasset" 795
"../../Plugins/FX/Niagara/Content/DynamicInputs/TypeConversions/MakeVector4_FromFloat.uasset" 796
"../../Plugins/FX/Niagara/Content/DynamicInputs/Multiply/Multiply_Vector2.uasset" 797
"../../Plugins/FX/Niagara/Content/DynamicInputs/LinearColor/LerpLinearColors.uasset" 798
"../../../../../../UE4_Project/CPP_Pofol/Content/Resources/Particles/ImproveFights_Vfx/Textures/T_Smoke.uasset" 799
"../../../../../../UE4_Project/CPP_Pofol/Content/Resources/Particles/ImproveFights_Vfx/Textures/T_Clouds_02.uasset" 800
"../../../../../../UE4_Project/CPP_Pofol/Content/Resources/Particles/ImproveFights_Vfx/Materials/M_Smoke_02.uasset" 801
"../../../../../../UE4_Project/CPP_Pofol/Content/Resources/Particles/ImproveFights_Vfx/Textures/T_Splash.uasset" 802
"../../../../../../UE4_Project/CPP_Pofol/Content/Resources/Particles/ImproveFights_Vfx/Materials/M_Drops.uasset" 803
"../../../../../../UE4_Project/CPP_Pofol/Content/Resources/Particles/ImproveFights_Vfx/Textures/T_Trail.uasset" 804
"../../../../../../UE4_Project/CPP_Pofol/Content/Resources/Particles/FantasyVFXCollection/2_Texture/trailMask.uasset" 805
"../../../../../../UE4_Project/CPP_Pofol/Content/Resources/Particles/ImproveFights_Vfx/Materials/M_Ribbon_Master_02.uasset" 806
"../../../../../../UE4_Project/CPP_Pofol/Content/Resources/Particles/ImproveFights_Vfx/Materials/MI_FireTrail_03.uasset" 807
"../../Plugins/FX/Niagara/Content/DynamicInputs/LinearColor/MultiplyLinearColor.uasset" 808
"../../Plugins/FX/Niagara/Content/DynamicInputs/LinearColor/MakeFloat4FromVectorAndFloat.uasset" 809
"../../Plugins/FX/Niagara/Content/DynamicInputs/Helpers/SimulationPosition.uasset" 810
"../../Plugins/FX/Niagara/Content/Modules/Update/Forces/GravityForce.uasset" 811
"../../../../../../UE4_Project/CPP_Pofol/Content/Resources/Particles/Weapons/Trail/P_Fire_Trail.uasset" 812
"../../../../../../UE4_Project/CPP_Pofol/Content/DataAsset/Skills/GreatSwordSkills/Combo_1/GreatSword_Attack_7Combo_7.uasset" 813
"../../../../../../UE4_Project/CPP_Pofol/Content/DataAsset/Skills/GreatSwordSkills/Combo_1/GreatSword_Attack_7Combo_6.uasset" 814
"../../../../../../UE4_Project/CPP_Pofol/Content/DataAsset/Skills/GreatSwordSkills/Combo_1/DT_GreatSwrod_Combo_Range1_final.uasset" 815
"../../../../../../UE4_Project/CPP_Pofol/Content/DataAsset/Skills/GreatSwordSkills/Combo_1/GreatSword_Attack_7Combo_6_Montage.uasset" 816
"../../../../../../UE4_Project/CPP_Pofol/Content/Resources/Animaitions/AnimArchiveFile/GreatSword/GreatSword_2/Attack/GreatSword_Attack_7Combo_5.uasset" 817
"../../../../../../UE4_Project/CPP_Pofol/Content/DataAsset/Skills/GreatSwordSkills/Combo_1/GreatSword_Attack_7Combo_4.uasset" 818
"../../../../../../UE4_Project/CPP_Pofol/Content/DataAsset/Skills/GreatSwordSkills/Combo_1/GreatSword_Attack_7Combo_4_Montage.uasset" 819
"../../../../../../UE4_Project/CPP_Pofol/Content/DataAsset/Skills/GreatSwordSkills/Combo_1/GreatSword_Attack_7Combo_3.uasset" 820
"../../../../../../UE4_Project/CPP_Pofol/Content/DataAsset/Skills/GreatSwordSkills/Combo_1/GreatSword_Attack_7Combo_3_Montage.uasset" 821
"../../../../../../UE4_Project/CPP_Pofol/Content/DataAsset/Skills/GreatSwordSkills/Combo_1/GreatSword_Attack_7Combo_2.uasset" 822
"../../../../../../UE4_Project/CPP_Pofol/Content/DataAsset/Skills/GreatSwordSkills/Combo_1/GreatSword_Attack_7Combo_2_Montage.uasset" 823
"../../../../../../UE4_Project/CPP_Pofol/Content/DataAsset/Skills/GreatSwordSkills/Combo_1/GreatSword_Attack_7Combo_1.uasset" 824
"../../../../../../UE4_Project/CPP_Pofol/Content/DataAsset/Skills/GreatSwordSkills/Combo_1/GreatSword_Attack_7Combo_1_Montage.uasset" 825
"../../../../../../UE4_Project/CPP_Pofol/Content/DataAsset/Skills/GreatSwordSkills/Combo_1/DT_GreatSword_Combo1_2.uasset" 826
"../../../../../../UE4_Project/CPP_Pofol/Content/DataAsset/Skills/GreatSwordSkills/Combo_1/DA_GreatSword_Combo1.uasset" 827
"../../../../../../UE4_Project/CPP_Pofol/Content/DataAsset/Weapons/Blade/SM_Blade.uasset" 828
"../../../../../../UE4_Project/CPP_Pofol/Content/DataAsset/Weapons/Blade/DA_Weapon_Blade.uasset" 829
"../../../../../../UE4_Project/CPP_Pofol/Content/Resources/Particles/FantasyVFXCollection/2_Texture/T_Flare_07.uasset" 830
"../../../../../../UE4_Project/CPP_Pofol/Content/Resources/Particles/FantasyVFXCollection/1_Material/MaterialInstance/Hit/BasicCriticalHit/MI_CriticalHit_02.uasset" 831
"../../../../../../UE4_Project/CPP_Pofol/Content/Resources/Particles/FantasyVFXCollection/2_Texture/T_Pattern_03.uasset" 832
"../../../../../../UE4_Project/CPP_Pofol/Content/Resources/Particles/FantasyVFXCollection/1_Material/MaterialInstance/Hit/BasicCriticalHit/MI_CriticalHit_01.uasset" 833
"../../../../../../UE4_Project/CPP_Pofol/Content/Resources/Particles/Weapons/Hit/NS_CriticalHit_Blue.uasset" 834
"../../../../../../UE4_Project/CPP_Pofol/Content/DataAsset/Skills/BladeSkills/Default_Combo1/DT_Blade_Default_3.uasset" 835
"../../Plugins/FX/Niagara/Content/Enums/ENiagaraChannelCorrelation.uasset" 836
"../../Plugins/FX/Niagara/Content/Enums/ENiagara_UVFlippingMode.uasset" 837
"../../Plugins/FX/Niagara/Content/Enums/ENiagara_SpriteRotationMode.uasset" 838
"../../Plugins/FX/Niagara/Content/Enums/ENiagara_SizeScaleMode.uasset" 839
"../../Plugins/FX/Niagara/Content/Enums/ENiagara_PositionInitializationMode.uasset" 840
"../../Plugins/FX/Niagara/Content/Enums/ENiagara_MassInitializationMode.uasset" 841
"../../Plugins/FX/Niagara/Content/Enums/ENiagara_LifetimeMode.uasset" 842
"../../Plugins/FX/Niagara/Content/Enums/ENiagara_ColorInitializationMode.uasset" 843
"../../Plugins/FX/Niagara/Content/Functions/LinearColor/HueShiftLinearColor.uasset" 844
"../../Plugins/FX/Niagara/Content/Functions/V2/CalculateRandomRangeInteger.uasset" 845
"../../Plugins/FX/Niagara/Content/Functions/V2/CalculateRandomBool.uasset" 846
"../../Plugins/FX/Niagara/Content/Modules/Spawn/Initialization/V2/InitializeParticle.uasset" 847
"../../Plugins/FX/Niagara/Content/DefaultAssets/DefaultSpriteMaterial.uasset" 848
"../../../../../../UE4_Project/CPP_Pofol/Content/Resources/Particles/Weapons/Hit/NS_SlashHit_Mini_Blue.uasset" 849
"../../../../../../UE4_Project/CPP_Pofol/Content/DataAsset/Skills/BladeSkills/Default_Combo1/DT_Blade_Default_1.uasset" 850
"../../Plugins/FX/Niagara/Content/Enums/ENiagaraVector3_Channels.uasset" 851
"../../Plugins/FX/Niagara/Content/Functions/ChannelMasks/SelectV3Channel.uasset" 852
"../../Plugins/FX/Niagara/Content/DynamicInputs/TypeConversions/MakeFloatFromVector.uasset" 853
"../../../../../../UE4_Project/CPP_Pofol/Content/Resources/Particles/Weapons/Hit/P_SlashHit_BIg_Blue.uasset" 854
"../../../../../../UE4_Project/CPP_Pofol/Content/Resources/Particles/ImproveFights_Vfx/Materials/MI_FireTrail.uasset" 855
"../../../../../../UE4_Project/CPP_Pofol/Content/Resources/Particles/FantasyVFXCollection/2_Texture/T_Trail_02.uasset" 856
"../../../../../../UE4_Project/CPP_Pofol/Content/Resources/Particles/FantasyVFXCollection/2_Texture/T_Gradation_05.uasset" 857
"../../../../../../UE4_Project/CPP_Pofol/Content/Resources/Particles/FantasyVFXCollection/1_Material/MaterialInstance/Trail/MI_Element_Trail_02.uasset" 858
"../../../../../../UE4_Project/CPP_Pofol/Content/Resources/Particles/Weapons/Trail/NS_Trail_Blue.uasset" 859
"../../../../../../UE4_Project/CPP_Pofol/Content/DataAsset/Skills/BladeSkills/Default_Combo1/DT_Blade_Default_Range_Lastfinal.uasset" 860
"../../Plugins/FX/Niagara/Content/DynamicInputs/Vectors/RotateVector.uasset" 861
"../../../../../../UE4_Project/CPP_Pofol/Content/Resources/Particles/Weapons/Hit/P_SlashHit_Blue.uasset" 862
"../../../../../../UE4_Project/CPP_Pofol/Content/DataAsset/Skills/BladeSkills/Default_Combo1/DT_Blade_Default_Range1.uasset" 863
"../../../../../../UE4_Project/CPP_Pofol/Content/DataAsset/Skills/BladeSkills/Default_Combo1/A_combo4.uasset" 864
"../../../../../../UE4_Project/CPP_Pofol/Content/DataAsset/Skills/BladeSkills/Default_Combo1/M_combo4.uasset" 865
"../../../../../../UE4_Project/CPP_Pofol/Content/DataAsset/Skills/BladeSkills/Default_Combo1/Frank_RPG_Assassin_Combo02_4.uasset" 866
"../../../../../../UE4_Project/CPP_Pofol/Content/DataAsset/Skills/BladeSkills/Default_Combo1/M_combo3.uasset" 867
"../../../../../../UE4_Project/CPP_Pofol/Content/DataAsset/Skills/BladeSkills/Default_Combo1/Frank_RPG_Assassin_Combo02_3.uasset" 868
"../../../../../../UE4_Project/CPP_Pofol/Content/DataAsset/Skills/BladeSkills/Default_Combo1/M_combo2.uasset" 869
"../../../../../../UE4_Project/CPP_Pofol/Content/DataAsset/Skills/BladeSkills/Default_Combo1/Frank_RPG_Assassin_Combo01_1.uasset" 870
"../../../../../../UE4_Project/CPP_Pofol/Content/DataAsset/Skills/BladeSkills/Default_Combo1/M_combo1.uasset" 871
"../../../../../../UE4_Project/CPP_Pofol/Content/DataAsset/Skills/BladeSkills/Default_Combo1/DA_Blade_DefaultCombo1.uasset" 872
"../../../../../../UE4_Project/CPP_Pofol/Content/Resources/Animaitions/AnimArchiveFile/InsaneAirCombo/Animation/Air_Attack02.uasset" 873
"../../../../../../UE4_Project/CPP_Pofol/Content/Resources/Animaitions/Animation_HumanType/Hitted/Normal/M_Hit_Normal_F.uasset" 874
"../../Plugins/FX/Niagara/Content/Enums/ENiagaraMassByVolume.uasset" 875
"../../Plugins/FX/Niagara/Content/Modules/Update/Mass/CalculateSizeAndRotationalInertiaByMass.uasset" 876
"../../Plugins/FX/Niagara/Content/Modules/Update/Camera/CameraOffset.uasset" 877
"../../../../../../UE4_Project/CPP_Pofol/Content/Resources/Particles/A_Surface_Footstep/Environment_Assets/Textures/T_Smoke_D.uasset" 878
"../../../../../../UE4_Project/CPP_Pofol/Content/Resources/Particles/A_Surface_Footstep/Niagara_FX/Textures/T_whisp_One_512_8x8_Normal.uasset" 879
"../../../../../../UE4_Project/CPP_Pofol/Content/Resources/Particles/A_Surface_Footstep/Niagara_FX/Textures/T_whisp_One_512_8x8.uasset" 880
"../../../../../../UE4_Project/CPP_Pofol/Content/Resources/Particles/A_Surface_Footstep/Niagara_FX/Textures/T_Noise_Anisotropic2_height.uasset" 881
"../../../../../../UE4_Project/CPP_Pofol/Content/Resources/Particles/A_Surface_Footstep/Niagara_FX/Materials/M_DirectionalDust.uasset" 882
"../../../../../../UE4_Project/CPP_Pofol/Content/Resources/Particles/A_Surface_Footstep/Niagara_FX/Materials/MI_ThinDust.uasset" 883
"../../../../../../UE4_Project/CPP_Pofol/Content/Resources/Particles/A_Surface_Footstep/Niagara_FX/ParticleSystems/PEN_SandSplash.uasset" 884
"../../Plugins/FX/Niagara/Content/DynamicInputs/ScaleByCurve/ScaleVector2DByCurve.uasset" 885
"../../../../../../UE4_Project/CPP_Pofol/Content/Resources/Particles/A_Surface_Footstep/Niagara_FX/Textures/T_Squib_one_normal.uasset" 886
"../../../../../../UE4_Project/CPP_Pofol/Content/Resources/Particles/A_Surface_Footstep/Niagara_FX/Textures/T_Squib_one_1024_8x8.uasset" 887
"../../../../../../UE4_Project/CPP_Pofol/Content/Resources/Particles/A_Surface_Footstep/Niagara_FX/Materials/M_ThickSmoke.uasset" 888
"../../../../../../UE4_Project/CPP_Pofol/Content/Resources/Particles/A_Surface_Footstep/Niagara_FX/ParticleSystems/PEN_SandIntense.uasset" 889
"../../../../../../UE4_Project/CPP_Pofol/Content/Resources/Particles/A_Surface_Footstep/Niagara_FX/ParticleSystems/PEN_General1_SmokeThick.uasset" 890
"../../../../../../UE4_Project/CPP_Pofol/Content/Resources/Particles/A_Surface_Footstep/Niagara_FX/ParticleSystems/PEN_General1_Dust.uasset" 891
"../../../../../../UE4_Project/CPP_Pofol/Content/Resources/Particles/A_Surface_Footstep/Niagara_FX/ParticleSystems/PEN_DirtSplash.uasset" 892
"../../../../../../UE4_Project/CPP_Pofol/Content/Resources/Particles/A_Surface_Footstep/Niagara_FX/ParticleSystems/PEN_DirtLinger.uasset" 893
"../../../../../../UE4_Project/CPP_Pofol/Content/Resources/Particles/A_Surface_Footstep/Niagara_FX/Textures/T_Stones2x2.uasset" 894
"../../../../../../UE4_Project/CPP_Pofol/Content/Resources/Particles/A_Surface_Footstep/Niagara_FX/Textures/T_Gravel2x2_normal.uasset" 895
"../../../../../../UE4_Project/CPP_Pofol/Content/Resources/Particles/A_Surface_Footstep/Niagara_FX/Materials/M_General_Debris.uasset" 896
"../../../../../../UE4_Project/CPP_Pofol/Content/Resources/Particles/A_Surface_Footstep/Niagara_FX/ParticleSystems/PEN_DirtBits.uasset" 897
"../../../../../../UE4_Project/CPP_Pofol/Content/Resources/Particles/WallRun/NS_WallRunDust.uasset" 898
"../../../../../../UE4_Project/CPP_Pofol/Content/CameraShakes/N_PlayCameraShake.uasset" 899
"../../../../../../UE4_Project/CPP_Pofol/Content/CameraShakes/CS_WallRunning.uasset" 900
"../../../../../../UE4_Project/CPP_Pofol/Content/Resources/Animaitions/Animation_HumanType/WallRun/WallMove/Player_WallRun_Right.uasset" 901
"../../../../../../UE4_Project/CPP_Pofol/Content/Resources/Animaitions/Animation_HumanType/WallRun/WallMove/Player_WallRun_Middle.uasset" 902
"../../../../../../UE4_Project/CPP_Pofol/Content/Resources/Animaitions/Animation_HumanType/WallRun/WallMove/Player_WallRun_Left.uasset" 903
"../../../../../../UE4_Project/CPP_Pofol/Content/Resources/Animaitions/Animation_HumanType/WallRun/WallMove/BS_WallRun_Loop.uasset" 904
"../../../../../../UE4_Project/CPP_Pofol/Content/Resources/Animaitions/Animation_HumanType/Locomotion/Move/Ground/F/ALS_N_RunPose_F_Walk.uasset" 905
"../../../../../../UE4_Project/CPP_Pofol/Content/Resources/Animaitions/Animation_HumanType/Locomotion/Move/Ground/F/ALS_N_RunPose_F_Run.uasset" 906
"../../../../../../UE4_Project/CPP_Pofol/Content/Resources/Animaitions/Animation_HumanType/Locomotion/Move/Ground/R/Mvm_Dash_Front_R45.uasset" 907
"../../../../../../UE4_Project/CPP_Pofol/Content/Resources/Animaitions/Animation_HumanType/Locomotion/Move/Ground/R/Mvm_Jog_Front_R45.uasset" 908
"../../../../../../UE4_Project/CPP_Pofol/Content/Resources/Animaitions/Animation_HumanType/Locomotion/Move/Ground/R/BS_WalkRun_R.uasset" 909
"../../../../../../UE4_Project/CPP_Pofol/Content/Resources/Animaitions/Animation_HumanType/Locomotion/Move/Ground/L/Mvm_Jog_Front_L.uasset" 910
"../../../../../../UE4_Project/CPP_Pofol/Content/Resources/Animaitions/Animation_HumanType/Locomotion/Move/Ground/L/Mvm_Dash_Front_L.uasset" 911
"../../../../../../UE4_Project/CPP_Pofol/Content/Resources/Animaitions/Animation_HumanType/Locomotion/Move/Ground/L/BS_WalkRun_L.uasset" 912
"../../../../../../UE4_Project/CPP_Pofol/Content/Resources/Animaitions/Animation_HumanType/Locomotion/Move/Ground/FR/Mvm_Jog_FR45.uasset" 913
"../../../../../../UE4_Project/CPP_Pofol/Content/Resources/Animaitions/Animation_HumanType/Locomotion/Move/Ground/FR/Mvm_Dash_FR45.uasset" 914
"../../../../../../UE4_Project/CPP_Pofol/Content/Resources/Animaitions/Animation_HumanType/Locomotion/Move/Ground/FR/BS_WalkRun_FR.uasset" 915
"../../../../../../UE4_Project/CPP_Pofol/Content/Resources/Animaitions/Animation_HumanType/Locomotion/Move/Ground/FL/Mvm_Dash_Front_L45.uasset" 916
"../../../../../../UE4_Project/CPP_Pofol/Content/Resources/Animaitions/Animation_HumanType/Locomotion/Move/Ground/FL/Mvm_Jog_Front_L45.uasset" 917
"../../../../../../UE4_Project/CPP_Pofol/Content/Resources/Animaitions/Animation_HumanType/Locomotion/Move/Ground/FL/BS_WalkRun_FL.uasset" 918
"../../../../../../UE4_Project/CPP_Pofol/Content/Resources/Animaitions/AnimArchiveFile/CLazyAnimpack/Demo/Sound/Wave/Running_L1.uasset" 919
"../../../../../../UE4_Project/CPP_Pofol/Content/Resources/Animaitions/AnimArchiveFile/CLazyAnimpack/Demo/Sound/Running_L1_Cue.uasset" 920
"../../../../../../UE4_Project/CPP_Pofol/Content/CameraShakes/CS_Running.uasset" 921
"../../../../../../UE4_Project/CPP_Pofol/Content/Resources/Animaitions/Animation_HumanType/Locomotion/Move/Ground/F/Mvm_Dash.uasset" 922
"../../../../../../UE4_Project/CPP_Pofol/Content/Resources/Animaitions/AnimArchiveFile/CLazyAnimpack/Demo/Sound/Wave/Running_R1.uasset" 923
"../../../../../../UE4_Project/CPP_Pofol/Content/Resources/Animaitions/AnimArchiveFile/CLazyAnimpack/Demo/Sound/Running_R1_Cue.uasset" 924
"../../../../../../UE4_Project/CPP_Pofol/Content/Resources/Animaitions/Animation_HumanType/Locomotion/Move/Ground/F/Mvm_Jog.uasset" 925
"../../../../../../UE4_Project/CPP_Pofol/Content/Resources/Animaitions/Animation_HumanType/Locomotion/Move/Ground/F/BS_WalkRun_F.uasset" 926
"../../../../../../UE4_Project/CPP_Pofol/Content/Resources/Animaitions/Animation_HumanType/Locomotion/Move/Ground/BR/Mvm_Jog_Back_R45.uasset" 927
"../../../../../../UE4_Project/CPP_Pofol/Content/Resources/Animaitions/Animation_HumanType/Locomotion/Move/Ground/BR/Mvm_Dash_Back_R45.uasset" 928
"../../../../../../UE4_Project/CPP_Pofol/Content/Resources/Animaitions/Animation_HumanType/Locomotion/Move/Ground/BR/BS_WalkRun_BR.uasset" 929
"../../../../../../UE4_Project/CPP_Pofol/Content/Resources/Animaitions/Animation_HumanType/Locomotion/Move/Ground/BL/Mvm_Jog_Back_L45.uasset" 930
"../../../../../../UE4_Project/CPP_Pofol/Content/Resources/Animaitions/Animation_HumanType/Locomotion/Move/Ground/BL/Mvm_Dash_Back_L45.uasset" 931
"../../../../../../UE4_Project/CPP_Pofol/Content/Resources/Animaitions/Animation_HumanType/Locomotion/Move/Ground/BL/BS_WalkRun_BL.uasset" 932
"../../../../../../UE4_Project/CPP_Pofol/Content/Resources/Animaitions/Animation_HumanType/Locomotion/Move/Ground/B/Mvm_Back_Dash.uasset" 933
"../../../../../../UE4_Project/CPP_Pofol/Content/Resources/Animaitions/Animation_HumanType/Locomotion/Move/Ground/B/Mvm_Back_Jog.uasset" 934
"../../../../../../UE4_Project/CPP_Pofol/Content/Resources/Animaitions/Animation_HumanType/Locomotion/Move/Ground/B/BS_WalkRun_B.uasset" 935
"../../../../../../UE4_Project/CPP_Pofol/Content/Resources/Animaitions/Animation_HumanType/Locomotion/Transitions/Base_Pose.uasset" 936
"../../../../../../UE4_Project/CPP_Pofol/Content/Resources/Animaitions/Animation_HumanType/Locomotion/Transitions/ALS_N_Stop_R_Down.uasset" 937
"../../../../../../UE4_Project/CPP_Pofol/Content/Resources/Animaitions/Animation_HumanType/Locomotion/Transitions/ALS_N_Stop_L_Down.uasset" 938
"../../../../../../UE4_Project/CPP_Pofol/Content/Resources/Animaitions/Animation_HumanType/Locomotion/Move/Ground/Sprint/Anim_PlayerRun.uasset" 939
"../../../../../../UE4_Project/CPP_Pofol/Content/CameraShakes/CS_Landing.uasset" 940
"../../../../../../UE4_Project/CPP_Pofol/Content/Resources/Animaitions/Animation_HumanType/Locomotion/Land/Land_Short.uasset" 941
"../../../../../../UE4_Project/CPP_Pofol/Content/Resources/Animaitions/AnimArchiveFile/CLazyAnimpack/Demo/Sound/Wave/JumpLanding_1.uasset" 942
"../../../../../../UE4_Project/CPP_Pofol/Content/Resources/Animaitions/AnimArchiveFile/CLazyAnimpack/Demo/Sound/JumpLanding_1_Cue.uasset" 943
"../../../../../../UE4_Project/CPP_Pofol/Content/CameraShakes/CS_Landing_movement.uasset" 944
"../../../../../../UE4_Project/CPP_Pofol/Content/Resources/Animaitions/Animation_HumanType/Locomotion/Land/Land_Movement_back.uasset" 945
"../../Plugins/FX/Niagara/Content/Enums/ENiagaraOrientationAxis.uasset" 946
"../../Plugins/FX/Niagara/Content/Modules/Spawn/Location/CylinderLocation.uasset" 947
"../../../../../../UE4_Project/CPP_Pofol/Content/Resources/Particles/WallRun/NS_LandDust.uasset" 948
"../../../../../../UE4_Project/CPP_Pofol/Content/Resources/Animaitions/Animation_HumanType/Locomotion/Land/Land_Movement.uasset" 949
"../../../../../../UE4_Project/CPP_Pofol/Content/Resources/Animaitions/Animation_HumanType/Locomotion/Land/Land_Long.uasset" 950
"../../../../../../UE4_Project/CPP_Pofol/Content/Resources/Animaitions/Animation_HumanType/Locomotion/Jump/Jump_Down_A_Loop.uasset" 951
"../../../../../../UE4_Project/CPP_Pofol/Content/Resources/Animaitions/AnimArchiveFile/CLazyAnimpack/Demo/Sound/Wave/Golf_Air_Swing_1.uasset" 952
"../../../../../../UE4_Project/CPP_Pofol/Content/Resources/Animaitions/AnimArchiveFile/CLazyAnimpack/Demo/Sound/Golf_Air_Swing_1_Cue.uasset" 953
"../../../../../../UE4_Project/CPP_Pofol/Content/Resources/Animaitions/Animation_HumanType/Locomotion/Jump/Jmp_Base_A_Keep.uasset" 954
"../../../../../../UE4_Project/CPP_Pofol/Content/Resources/Animaitions/Animation_HumanType/Locomotion/Idle/Player_Idle.uasset" 955
"../../../../../../UE4_Project/CPP_Pofol/Content/Resources/Animaitions/Animation_HumanType/Locomotion/BasePose/ALS_N_Run_BasePose.uasset" 956
"../../../../../../UE4_Project/CPP_Pofol/Content/Resources/Animaitions/Animation_HumanType/Locomotion/BasePose/StartRunPose/ALS_N_LocoDetail_Accel_R.uasset" 957
"../../../../../../UE4_Project/CPP_Pofol/Content/Resources/Animaitions/Animation_HumanType/Locomotion/BasePose/StartRunPose/ALS_N_LocoDetail_Accel_L.uasset" 958
"../../../../../../UE4_Project/CPP_Pofol/Content/Resources/Animaitions/Animation_HumanType/Locomotion/BasePose/StartRunPose/ALS_N_LocoDetail_Accel_F1.uasset" 959
"../../../../../../UE4_Project/CPP_Pofol/Content/Resources/Animaitions/Animation_HumanType/Locomotion/BasePose/ALS_N_LeanPose_R.uasset" 960
"../../../../../../UE4_Project/CPP_Pofol/Content/Resources/Animaitions/Animation_HumanType/Locomotion/BasePose/ALS_N_LeanPose_L.uasset" 961
"../../../../../../UE4_Project/CPP_Pofol/Content/Resources/Animaitions/Animation_HumanType/Locomotion/BasePose/ALS_N_LeanPose_F.uasset" 962
"../../../../../../UE4_Project/CPP_Pofol/Content/Resources/Animaitions/Animation_HumanType/Locomotion/BasePose/ALS_N_LeanPose_B.uasset" 963
"../../../../../../UE4_Project/CPP_Pofol/Content/Resources/Animaitions/Animation_HumanType/Locomotion/BasePose/ALS_N_LeanPose_0.uasset" 964
"../../../../../../UE4_Project/CPP_Pofol/Content/Resources/Animaitions/Animation_HumanType/Locomotion/BasePose/BS_N_Lean.uasset" 965
"../../../../../../UE4_Project/CPP_Pofol/Content/Resources/Animaitions/Animation_HumanType/Locomotion/BasePose/StartRunPose/ALS_N_LocoDetail_Accel_F.uasset" 966
"../../../../../../UE4_Project/CPP_Pofol/Content/Resources/Animaitions/Animation_HumanType/Locomotion/BasePose/StartRunPose/ALS_N_LocoDetail_Accel_B.uasset" 967
"../../../../../../UE4_Project/CPP_Pofol/Content/Resources/Animaitions/AnimArchiveFile/CLazyAnimpack/Animations/P3-clazy-jump/Jmp_Land/Land_Roll_Move.uasset" 968
"../../../../../../UE4_Project/CPP_Pofol/Content/Resources/Animaitions/AnimArchiveFile/CLazyAnimpack/Animations/P1-clazy-movement/Mvm_10way_Walk/Mvm_Walk_Front.uasset" 969
"../../../../../../UE4_Project/CPP_Pofol/Content/Resources/Animaitions/Animation_HumanType/Locomotion/Idle/Aimoffset/Player_Idle_U.uasset" 970
"../../../../../../UE4_Project/CPP_Pofol/Content/Resources/Animaitions/Animation_HumanType/Locomotion/Idle/Aimoffset/Player_Idle_R.uasset" 971
"../../../../../../UE4_Project/CPP_Pofol/Content/Resources/Animaitions/Animation_HumanType/Locomotion/Idle/Aimoffset/Player_Idle_L.uasset" 972
"../../../../../../UE4_Project/CPP_Pofol/Content/Resources/Animaitions/Animation_HumanType/Locomotion/Idle/Aimoffset/Player_Idle_F.uasset" 973
"../../../../../../UE4_Project/CPP_Pofol/Content/Resources/Animaitions/Animation_HumanType/Locomotion/Idle/Aimoffset/Player_Idle_D.uasset" 974
"../../../../../../UE4_Project/CPP_Pofol/Content/Resources/Animaitions/Animation_HumanType/Locomotion/Idle/Aimoffset/AO_PlayerIdle.uasset" 975
"../../../../../../UE4_Project/CPP_Pofol/Content/Actors/Player/ABP_CPlayer.uasset" 976
"../../../../../../UE4_Project/CPP_Pofol/Content/BP_CGameInstance.uasset" 977
"../../../../../../UE4_Project/CPP_Pofol/Content/Actors/Player/BP_CPlayer.uasset" 978
"../../../Engine/Content/Functions/Engine_MaterialFunctions02/ExampleContent/Greyscale.uasset" 979
"../../../../../../UE4_Project/CPP_Pofol/Content/Resources/Texture/AmplifyLUT/Base/ContrastB.uasset" 980
"../../../../../../UE4_Project/CPP_Pofol/Content/Curves/Curve_Exposure.uasset" 981
"../../../../../../UE4_Project/CPP_Pofol/Content/Actors/Camera/BP_CPlayerCameraManager.uasset" 982
"../../../../../../UE4_Project/CPP_Pofol/Content/BP_CPlayerController.uasset" 983
"../../../../../../UE4_Project/CPP_Pofol/Content/MyCPP_PofolGameModeBase.uasset" 984
"../../../../../../UE4_Project/CPP_Pofol/Content/Level/battle_room.umap" 985
